2023-11-27 10:06:49.827 [restartedMain] INFO  tech.twocats.admin.AppMain - Starting AppMain using Java 1.8.0_381 on Wuzx with PID 28260 (D:\Workspace\Java\twocats-admin-fast\target\classes started by 吴正贤 in D:\Workspace\Java\twocats-admin-fast)
2023-11-27 10:06:49.840 [restartedMain] INFO  tech.twocats.admin.AppMain - The following 1 profile is active: "dev"
2023-11-27 10:06:49.898 [restartedMain] INFO  o.s.b.d.env.DevToolsPropertyDefaultsPostProcessor - Devtools property defaults active! Set 'spring.devtools.add-properties' to 'false' to disable
2023-11-27 10:06:49.899 [restartedMain] INFO  o.s.b.d.env.DevToolsPropertyDefaultsPostProcessor - For additional web related logging consider setting the 'logging.level.web' property to 'DEBUG'
2023-11-27 10:06:51.845 [restartedMain] INFO  o.s.boot.web.embedded.tomcat.TomcatWebServer - Tomcat initialized with port(s): 8080 (http)
2023-11-27 10:06:51.853 [restartedMain] INFO  org.apache.coyote.http11.Http11NioProtocol - Initializing ProtocolHandler ["http-nio-8080"]
2023-11-27 10:06:51.853 [restartedMain] INFO  org.apache.catalina.core.StandardService - Starting service [Tomcat]
2023-11-27 10:06:51.853 [restartedMain] INFO  org.apache.catalina.core.StandardEngine - Starting Servlet engine: [Apache Tomcat/9.0.69]
2023-11-27 10:06:51.959 [restartedMain] INFO  o.a.c.core.ContainerBase.[Tomcat].[localhost].[/] - Initializing Spring embedded WebApplicationContext
2023-11-27 10:06:51.959 [restartedMain] INFO  o.s.b.w.s.c.ServletWebServerApplicationContext - Root WebApplicationContext: initialization completed in 2059 ms
2023-11-27 10:06:52.310 [restartedMain] INFO  c.a.d.s.b.a.DruidDataSourceAutoConfigure - Init DruidDataSource
2023-11-27 10:06:54.570 [restartedMain] INFO  com.alibaba.druid.pool.DruidDataSource - {dataSource-1} inited
2023-11-27 10:06:55.784 [restartedMain] INFO  o.s.b.a.web.servlet.WelcomePageHandlerMapping - Adding welcome page template: index
2023-11-27 10:06:56.274 [restartedMain] INFO  o.s.b.actuate.endpoint.web.EndpointLinksResolver - Exposing 1 endpoint(s) beneath base path '/actuator'
2023-11-27 10:06:56.324 [restartedMain] INFO  o.s.security.web.DefaultSecurityFilterChain - Will secure any request with [org.springframework.security.web.session.DisableEncodeUrlFilter@5452c46e, org.springframework.security.web.context.request.async.WebAsyncManagerIntegrationFilter@2b41f6aa, org.springframework.security.web.context.SecurityContextHolderFilter@62da8ab9, org.springframework.security.web.header.HeaderWriterFilter@4821da78, org.springframework.security.web.authentication.logout.LogoutFilter@44d52b7d, org.springframework.security.web.session.ConcurrentSessionFilter@5ff6de03, org.springframework.security.web.savedrequest.RequestCacheAwareFilter@4cece42, org.springframework.security.web.servletapi.SecurityContextHolderAwareRequestFilter@57c7423a, org.springframework.security.web.authentication.AnonymousAuthenticationFilter@2166d4a5, org.springframework.security.web.session.SessionManagementFilter@5a76433b, org.springframework.security.web.access.ExceptionTranslationFilter@38168f4f, org.springframework.security.web.access.intercept.AuthorizationFilter@3bfb2d6b]
2023-11-27 10:06:56.338 [restartedMain] INFO  o.s.security.web.DefaultSecurityFilterChain - Will secure any request with [org.springframework.security.web.session.DisableEncodeUrlFilter@555f7e25, org.springframework.security.web.context.request.async.WebAsyncManagerIntegrationFilter@70b27548, org.springframework.security.web.context.SecurityContextPersistenceFilter@498472d5, org.springframework.security.web.header.HeaderWriterFilter@5918b52d, org.springframework.security.web.csrf.CsrfFilter@3f9851c1, org.springframework.security.web.authentication.logout.LogoutFilter@6a81fc8b, org.springframework.security.web.authentication.UsernamePasswordAuthenticationFilter@2dee3a4f, org.springframework.security.web.authentication.ui.DefaultLoginPageGeneratingFilter@5b811173, org.springframework.security.web.authentication.ui.DefaultLogoutPageGeneratingFilter@2fe49012, org.springframework.security.web.authentication.www.BasicAuthenticationFilter@3f1c02be, org.springframework.security.web.savedrequest.RequestCacheAwareFilter@a50f47d, org.springframework.security.web.servletapi.SecurityContextHolderAwareRequestFilter@16fd89c7, org.springframework.security.web.authentication.AnonymousAuthenticationFilter@7384fbe3, org.springframework.security.web.session.SessionManagementFilter@34ef3bd0, org.springframework.security.web.access.ExceptionTranslationFilter@7fd79800, org.springframework.security.web.access.intercept.AuthorizationFilter@58d52f73]
2023-11-27 10:06:56.616 [restartedMain] INFO  o.s.b.d.autoconfigure.OptionalLiveReloadServer - LiveReload server is running on port 35729
2023-11-27 10:06:56.643 [restartedMain] INFO  org.apache.coyote.http11.Http11NioProtocol - Starting ProtocolHandler ["http-nio-8080"]
2023-11-27 10:06:56.666 [restartedMain] INFO  o.s.boot.web.embedded.tomcat.TomcatWebServer - Tomcat started on port(s): 8080 (http) with context path ''
2023-11-27 10:06:56.679 [restartedMain] INFO  tech.twocats.admin.AppMain - Started AppMain in 7.323 seconds (JVM running for 9.01)
2023-11-27 10:06:56.916 [RMI TCP Connection(1)-192.168.1.214] INFO  o.a.c.core.ContainerBase.[Tomcat].[localhost].[/] - Initializing Spring DispatcherServlet 'dispatcherServlet'
2023-11-27 10:06:56.916 [RMI TCP Connection(1)-192.168.1.214] INFO  org.springframework.web.servlet.DispatcherServlet - Initializing Servlet 'dispatcherServlet'
2023-11-27 10:06:56.917 [RMI TCP Connection(1)-192.168.1.214] INFO  org.springframework.web.servlet.DispatcherServlet - Completed initialization in 1 ms
2023-11-27 10:09:42.278 [http-nio-8080-exec-2] INFO  tech.twocats.admin.handler.AuthEntryPoint - ==> authentication failure, message: Full authentication is required to access this resource
org.springframework.security.authentication.InsufficientAuthenticationException: Full authentication is required to access this resource
	at org.springframework.security.web.access.ExceptionTranslationFilter.handleAccessDeniedException(ExceptionTranslationFilter.java:199)
	at org.springframework.security.web.access.ExceptionTranslationFilter.handleSpringSecurityException(ExceptionTranslationFilter.java:178)
	at org.springframework.security.web.access.ExceptionTranslationFilter.doFilter(ExceptionTranslationFilter.java:147)
	at org.springframework.security.web.access.ExceptionTranslationFilter.doFilter(ExceptionTranslationFilter.java:120)
	at org.springframework.security.web.FilterChainProxy$VirtualFilterChain.doFilter(FilterChainProxy.java:361)
	at org.springframework.security.web.session.SessionManagementFilter.doFilter(SessionManagementFilter.java:131)
	at org.springframework.security.web.session.SessionManagementFilter.doFilter(SessionManagementFilter.java:85)
	at org.springframework.security.web.FilterChainProxy$VirtualFilterChain.doFilter(FilterChainProxy.java:361)
	at org.springframework.security.web.authentication.AnonymousAuthenticationFilter.doFilter(AnonymousAuthenticationFilter.java:100)
	at org.springframework.security.web.FilterChainProxy$VirtualFilterChain.doFilter(FilterChainProxy.java:361)
	at org.springframework.security.web.servletapi.SecurityContextHolderAwareRequestFilter.doFilter(SecurityContextHolderAwareRequestFilter.java:164)
	at org.springframework.security.web.FilterChainProxy$VirtualFilterChain.doFilter(FilterChainProxy.java:361)
	at org.springframework.security.web.savedrequest.RequestCacheAwareFilter.doFilter(RequestCacheAwareFilter.java:63)
	at org.springframework.security.web.FilterChainProxy$VirtualFilterChain.doFilter(FilterChainProxy.java:361)
	at org.springframework.security.web.session.ConcurrentSessionFilter.doFilter(ConcurrentSessionFilter.java:151)
	at org.springframework.security.web.session.ConcurrentSessionFilter.doFilter(ConcurrentSessionFilter.java:129)
	at org.springframework.security.web.FilterChainProxy$VirtualFilterChain.doFilter(FilterChainProxy.java:361)
	at org.springframework.security.web.authentication.logout.LogoutFilter.doFilter(LogoutFilter.java:107)
	at org.springframework.security.web.authentication.logout.LogoutFilter.doFilter(LogoutFilter.java:93)
	at org.springframework.security.web.FilterChainProxy$VirtualFilterChain.doFilter(FilterChainProxy.java:361)
	at org.springframework.security.web.header.HeaderWriterFilter.doHeadersAfter(HeaderWriterFilter.java:90)
	at org.springframework.security.web.header.HeaderWriterFilter.doFilterInternal(HeaderWriterFilter.java:75)
	at org.springframework.web.filter.OncePerRequestFilter.doFilter(OncePerRequestFilter.java:117)
	at org.springframework.security.web.FilterChainProxy$VirtualFilterChain.doFilter(FilterChainProxy.java:361)
	at org.springframework.security.web.context.SecurityContextHolderFilter.doFilter(SecurityContextHolderFilter.java:82)
	at org.springframework.security.web.context.SecurityContextHolderFilter.doFilter(SecurityContextHolderFilter.java:69)
	at org.springframework.security.web.FilterChainProxy$VirtualFilterChain.doFilter(FilterChainProxy.java:361)
	at org.springframework.security.web.context.request.async.WebAsyncManagerIntegrationFilter.doFilterInternal(WebAsyncManagerIntegrationFilter.java:62)
	at org.springframework.web.filter.OncePerRequestFilter.doFilter(OncePerRequestFilter.java:117)
	at org.springframework.security.web.FilterChainProxy$VirtualFilterChain.doFilter(FilterChainProxy.java:361)
	at org.springframework.security.web.session.DisableEncodeUrlFilter.doFilterInternal(DisableEncodeUrlFilter.java:42)
	at org.springframework.web.filter.OncePerRequestFilter.doFilter(OncePerRequestFilter.java:117)
	at org.springframework.security.web.FilterChainProxy$VirtualFilterChain.doFilter(FilterChainProxy.java:361)
	at org.springframework.security.web.FilterChainProxy.doFilterInternal(FilterChainProxy.java:225)
	at org.springframework.security.web.FilterChainProxy.doFilter(FilterChainProxy.java:190)
	at org.springframework.web.filter.DelegatingFilterProxy.invokeDelegate(DelegatingFilterProxy.java:354)
	at org.springframework.web.filter.DelegatingFilterProxy.doFilter(DelegatingFilterProxy.java:267)
	at org.apache.catalina.core.ApplicationFilterChain.internalDoFilter(ApplicationFilterChain.java:189)
	at org.apache.catalina.core.ApplicationFilterChain.doFilter(ApplicationFilterChain.java:162)
	at org.springframework.web.filter.RequestContextFilter.doFilterInternal(RequestContextFilter.java:100)
	at org.springframework.web.filter.OncePerRequestFilter.doFilter(OncePerRequestFilter.java:117)
	at org.apache.catalina.core.ApplicationFilterChain.internalDoFilter(ApplicationFilterChain.java:189)
	at org.apache.catalina.core.ApplicationFilterChain.doFilter(ApplicationFilterChain.java:162)
	at org.springframework.web.filter.FormContentFilter.doFilterInternal(FormContentFilter.java:93)
	at org.springframework.web.filter.OncePerRequestFilter.doFilter(OncePerRequestFilter.java:117)
	at org.apache.catalina.core.ApplicationFilterChain.internalDoFilter(ApplicationFilterChain.java:189)
	at org.apache.catalina.core.ApplicationFilterChain.doFilter(ApplicationFilterChain.java:162)
	at org.springframework.boot.actuate.metrics.web.servlet.WebMvcMetricsFilter.doFilterInternal(WebMvcMetricsFilter.java:96)
	at org.springframework.web.filter.OncePerRequestFilter.doFilter(OncePerRequestFilter.java:117)
	at org.apache.catalina.core.ApplicationFilterChain.internalDoFilter(ApplicationFilterChain.java:189)
	at org.apache.catalina.core.ApplicationFilterChain.doFilter(ApplicationFilterChain.java:162)
	at org.springframework.web.filter.CharacterEncodingFilter.doFilterInternal(CharacterEncodingFilter.java:201)
	at org.springframework.web.filter.OncePerRequestFilter.doFilter(OncePerRequestFilter.java:117)
	at org.apache.catalina.core.ApplicationFilterChain.internalDoFilter(ApplicationFilterChain.java:189)
	at org.apache.catalina.core.ApplicationFilterChain.doFilter(ApplicationFilterChain.java:162)
	at org.apache.catalina.core.StandardWrapperValve.invoke(StandardWrapperValve.java:177)
	at org.apache.catalina.core.StandardContextValve.invoke(StandardContextValve.java:97)
	at org.apache.catalina.authenticator.AuthenticatorBase.invoke(AuthenticatorBase.java:541)
	at org.apache.catalina.core.StandardHostValve.invoke(StandardHostValve.java:135)
	at org.apache.catalina.valves.ErrorReportValve.invoke(ErrorReportValve.java:92)
	at org.apache.catalina.core.StandardEngineValve.invoke(StandardEngineValve.java:78)
	at org.apache.catalina.connector.CoyoteAdapter.service(CoyoteAdapter.java:360)
	at org.apache.coyote.http11.Http11Processor.service(Http11Processor.java:399)
	at org.apache.coyote.AbstractProcessorLight.process(AbstractProcessorLight.java:65)
	at org.apache.coyote.AbstractProtocol$ConnectionHandler.process(AbstractProtocol.java:891)
	at org.apache.tomcat.util.net.NioEndpoint$SocketProcessor.doRun(NioEndpoint.java:1784)
	at org.apache.tomcat.util.net.SocketProcessorBase.run(SocketProcessorBase.java:49)
	at org.apache.tomcat.util.threads.ThreadPoolExecutor.runWorker(ThreadPoolExecutor.java:1191)
	at org.apache.tomcat.util.threads.ThreadPoolExecutor$Worker.run(ThreadPoolExecutor.java:659)
	at org.apache.tomcat.util.threads.TaskThread$WrappingRunnable.run(TaskThread.java:61)
	at java.lang.Thread.run(Thread.java:750)
2023-11-27 10:22:20.616 [SpringApplicationShutdownHook] INFO  com.alibaba.druid.pool.DruidDataSource - {dataSource-1} closing ...
2023-11-27 10:22:20.619 [SpringApplicationShutdownHook] INFO  com.alibaba.druid.pool.DruidDataSource - {dataSource-1} closed
2023-11-27 10:22:26.291 [restartedMain] INFO  tech.twocats.admin.AppMain - Starting AppMain using Java 1.8.0_381 on Wuzx with PID 2108 (D:\Workspace\Java\twocats-admin-fast\target\classes started by 吴正贤 in D:\Workspace\Java\twocats-admin-fast)
2023-11-27 10:22:26.293 [restartedMain] INFO  tech.twocats.admin.AppMain - The following 1 profile is active: "dev"
2023-11-27 10:22:26.348 [restartedMain] INFO  o.s.b.d.env.DevToolsPropertyDefaultsPostProcessor - Devtools property defaults active! Set 'spring.devtools.add-properties' to 'false' to disable
2023-11-27 10:22:26.349 [restartedMain] INFO  o.s.b.d.env.DevToolsPropertyDefaultsPostProcessor - For additional web related logging consider setting the 'logging.level.web' property to 'DEBUG'
2023-11-27 10:22:27.576 [restartedMain] INFO  o.s.boot.web.embedded.tomcat.TomcatWebServer - Tomcat initialized with port(s): 8080 (http)
2023-11-27 10:22:27.594 [restartedMain] INFO  org.apache.coyote.http11.Http11NioProtocol - Initializing ProtocolHandler ["http-nio-8080"]
2023-11-27 10:22:27.595 [restartedMain] INFO  org.apache.catalina.core.StandardService - Starting service [Tomcat]
2023-11-27 10:22:27.595 [restartedMain] INFO  org.apache.catalina.core.StandardEngine - Starting Servlet engine: [Apache Tomcat/9.0.69]
2023-11-27 10:22:27.666 [restartedMain] INFO  o.a.c.core.ContainerBase.[Tomcat].[localhost].[/] - Initializing Spring embedded WebApplicationContext
2023-11-27 10:22:27.666 [restartedMain] INFO  o.s.b.w.s.c.ServletWebServerApplicationContext - Root WebApplicationContext: initialization completed in 1317 ms
2023-11-27 10:22:27.944 [restartedMain] INFO  c.a.d.s.b.a.DruidDataSourceAutoConfigure - Init DruidDataSource
2023-11-27 10:22:30.038 [restartedMain] INFO  com.alibaba.druid.pool.DruidDataSource - {dataSource-1} inited
2023-11-27 10:22:30.923 [restartedMain] INFO  o.s.b.a.web.servlet.WelcomePageHandlerMapping - Adding welcome page template: index
2023-11-27 10:22:31.258 [restartedMain] INFO  o.s.b.actuate.endpoint.web.EndpointLinksResolver - Exposing 1 endpoint(s) beneath base path '/actuator'
2023-11-27 10:22:31.300 [restartedMain] INFO  o.s.security.web.DefaultSecurityFilterChain - Will secure any request with [org.springframework.security.web.session.DisableEncodeUrlFilter@60406136, org.springframework.security.web.context.request.async.WebAsyncManagerIntegrationFilter@d2e6da, org.springframework.security.web.context.SecurityContextHolderFilter@1a21759c, org.springframework.security.web.header.HeaderWriterFilter@1d0f2872, org.springframework.security.web.authentication.logout.LogoutFilter@3b9afec3, org.springframework.security.web.session.ConcurrentSessionFilter@5122d6d0, org.springframework.security.web.savedrequest.RequestCacheAwareFilter@61fb5cf1, org.springframework.security.web.servletapi.SecurityContextHolderAwareRequestFilter@126d4c3f, org.springframework.security.web.authentication.AnonymousAuthenticationFilter@7995dbc4, org.springframework.security.web.session.SessionManagementFilter@490e4d08, org.springframework.security.web.access.ExceptionTranslationFilter@a3ba870, org.springframework.security.web.access.intercept.AuthorizationFilter@65e73479]
2023-11-27 10:22:31.309 [restartedMain] INFO  o.s.security.web.DefaultSecurityFilterChain - Will secure any request with [org.springframework.security.web.session.DisableEncodeUrlFilter@1ef50250, org.springframework.security.web.context.request.async.WebAsyncManagerIntegrationFilter@710784ca, org.springframework.security.web.context.SecurityContextPersistenceFilter@74b15431, org.springframework.security.web.header.HeaderWriterFilter@5f7d6346, org.springframework.security.web.csrf.CsrfFilter@2849672c, org.springframework.security.web.authentication.logout.LogoutFilter@4f5ebc56, org.springframework.security.web.authentication.UsernamePasswordAuthenticationFilter@7ee06e18, org.springframework.security.web.authentication.ui.DefaultLoginPageGeneratingFilter@145d724e, org.springframework.security.web.authentication.ui.DefaultLogoutPageGeneratingFilter@70583400, org.springframework.security.web.authentication.www.BasicAuthenticationFilter@54daa09a, org.springframework.security.web.savedrequest.RequestCacheAwareFilter@2625ac7e, org.springframework.security.web.servletapi.SecurityContextHolderAwareRequestFilter@12f69caf, org.springframework.security.web.authentication.AnonymousAuthenticationFilter@d3504bd, org.springframework.security.web.session.SessionManagementFilter@17a221ee, org.springframework.security.web.access.ExceptionTranslationFilter@590178e9, org.springframework.security.web.access.intercept.AuthorizationFilter@46391bef]
2023-11-27 10:22:31.536 [restartedMain] INFO  o.s.b.d.autoconfigure.OptionalLiveReloadServer - LiveReload server is running on port 35729
2023-11-27 10:22:31.562 [restartedMain] INFO  org.apache.coyote.http11.Http11NioProtocol - Starting ProtocolHandler ["http-nio-8080"]
2023-11-27 10:22:31.577 [restartedMain] INFO  o.s.boot.web.embedded.tomcat.TomcatWebServer - Tomcat started on port(s): 8080 (http) with context path ''
2023-11-27 10:22:31.587 [restartedMain] INFO  tech.twocats.admin.AppMain - Started AppMain in 5.631 seconds (JVM running for 6.678)
2023-11-27 10:22:31.907 [RMI TCP Connection(2)-192.168.1.214] INFO  o.a.c.core.ContainerBase.[Tomcat].[localhost].[/] - Initializing Spring DispatcherServlet 'dispatcherServlet'
2023-11-27 10:22:31.907 [RMI TCP Connection(2)-192.168.1.214] INFO  org.springframework.web.servlet.DispatcherServlet - Initializing Servlet 'dispatcherServlet'
2023-11-27 10:22:31.908 [RMI TCP Connection(2)-192.168.1.214] INFO  org.springframework.web.servlet.DispatcherServlet - Completed initialization in 1 ms
2023-11-27 10:23:32.806 [SpringApplicationShutdownHook] INFO  com.alibaba.druid.pool.DruidDataSource - {dataSource-1} closing ...
2023-11-27 10:23:32.811 [SpringApplicationShutdownHook] INFO  com.alibaba.druid.pool.DruidDataSource - {dataSource-1} closed
2023-11-27 10:23:36.369 [restartedMain] INFO  tech.twocats.admin.AppMain - Starting AppMain using Java 1.8.0_381 on Wuzx with PID 10796 (D:\Workspace\Java\twocats-admin-fast\target\classes started by 吴正贤 in D:\Workspace\Java\twocats-admin-fast)
2023-11-27 10:23:36.372 [restartedMain] INFO  tech.twocats.admin.AppMain - The following 1 profile is active: "dev"
2023-11-27 10:23:36.412 [restartedMain] INFO  o.s.b.d.env.DevToolsPropertyDefaultsPostProcessor - Devtools property defaults active! Set 'spring.devtools.add-properties' to 'false' to disable
2023-11-27 10:23:36.412 [restartedMain] INFO  o.s.b.d.env.DevToolsPropertyDefaultsPostProcessor - For additional web related logging consider setting the 'logging.level.web' property to 'DEBUG'
2023-11-27 10:23:37.573 [restartedMain] INFO  o.s.boot.web.embedded.tomcat.TomcatWebServer - Tomcat initialized with port(s): 8080 (http)
2023-11-27 10:23:37.582 [restartedMain] INFO  org.apache.coyote.http11.Http11NioProtocol - Initializing ProtocolHandler ["http-nio-8080"]
2023-11-27 10:23:37.583 [restartedMain] INFO  org.apache.catalina.core.StandardService - Starting service [Tomcat]
2023-11-27 10:23:37.583 [restartedMain] INFO  org.apache.catalina.core.StandardEngine - Starting Servlet engine: [Apache Tomcat/9.0.69]
2023-11-27 10:23:37.660 [restartedMain] INFO  o.a.c.core.ContainerBase.[Tomcat].[localhost].[/] - Initializing Spring embedded WebApplicationContext
2023-11-27 10:23:37.660 [restartedMain] INFO  o.s.b.w.s.c.ServletWebServerApplicationContext - Root WebApplicationContext: initialization completed in 1247 ms
2023-11-27 10:23:37.963 [restartedMain] INFO  c.a.d.s.b.a.DruidDataSourceAutoConfigure - Init DruidDataSource
2023-11-27 10:23:40.262 [restartedMain] INFO  com.alibaba.druid.pool.DruidDataSource - {dataSource-1} inited
2023-11-27 10:23:41.102 [restartedMain] INFO  o.s.b.a.web.servlet.WelcomePageHandlerMapping - Adding welcome page template: index
2023-11-27 10:23:41.471 [restartedMain] INFO  o.s.b.actuate.endpoint.web.EndpointLinksResolver - Exposing 1 endpoint(s) beneath base path '/actuator'
2023-11-27 10:23:41.506 [restartedMain] INFO  o.s.security.web.DefaultSecurityFilterChain - Will secure any request with [org.springframework.security.web.session.DisableEncodeUrlFilter@5ddc6ed5, org.springframework.security.web.context.request.async.WebAsyncManagerIntegrationFilter@2608229, org.springframework.security.web.context.SecurityContextHolderFilter@346c74ff, org.springframework.security.web.header.HeaderWriterFilter@6ac0a8da, org.springframework.security.web.authentication.logout.LogoutFilter@3ef8018e, org.springframework.security.web.session.ConcurrentSessionFilter@1903494f, org.springframework.security.web.savedrequest.RequestCacheAwareFilter@4dc38a03, org.springframework.security.web.servletapi.SecurityContextHolderAwareRequestFilter@1b2c9bb6, org.springframework.security.web.authentication.AnonymousAuthenticationFilter@8d9d249, org.springframework.security.web.session.SessionManagementFilter@44d52b7d, org.springframework.security.web.access.ExceptionTranslationFilter@2a8fece6, org.springframework.security.web.access.intercept.AuthorizationFilter@7dfd100c]
2023-11-27 10:23:41.519 [restartedMain] INFO  o.s.security.web.DefaultSecurityFilterChain - Will secure any request with [org.springframework.security.web.session.DisableEncodeUrlFilter@3d3dc85d, org.springframework.security.web.context.request.async.WebAsyncManagerIntegrationFilter@68efc282, org.springframework.security.web.context.SecurityContextPersistenceFilter@531a53c4, org.springframework.security.web.header.HeaderWriterFilter@5ebe11e8, org.springframework.security.web.csrf.CsrfFilter@42ba5ef2, org.springframework.security.web.authentication.logout.LogoutFilter@2e7843c0, org.springframework.security.web.authentication.UsernamePasswordAuthenticationFilter@f3a71d1, org.springframework.security.web.authentication.ui.DefaultLoginPageGeneratingFilter@5477c9df, org.springframework.security.web.authentication.ui.DefaultLogoutPageGeneratingFilter@44a8f145, org.springframework.security.web.authentication.www.BasicAuthenticationFilter@3183ad0f, org.springframework.security.web.savedrequest.RequestCacheAwareFilter@716677d, org.springframework.security.web.servletapi.SecurityContextHolderAwareRequestFilter@29891726, org.springframework.security.web.authentication.AnonymousAuthenticationFilter@18c0a4f8, org.springframework.security.web.session.SessionManagementFilter@4347d890, org.springframework.security.web.access.ExceptionTranslationFilter@1ce9063c, org.springframework.security.web.access.intercept.AuthorizationFilter@47993731]
2023-11-27 10:23:41.699 [restartedMain] INFO  o.s.b.d.autoconfigure.OptionalLiveReloadServer - LiveReload server is running on port 35729
2023-11-27 10:23:41.725 [restartedMain] INFO  org.apache.coyote.http11.Http11NioProtocol - Starting ProtocolHandler ["http-nio-8080"]
2023-11-27 10:23:41.739 [restartedMain] INFO  o.s.boot.web.embedded.tomcat.TomcatWebServer - Tomcat started on port(s): 8080 (http) with context path ''
2023-11-27 10:23:41.750 [restartedMain] INFO  tech.twocats.admin.AppMain - Started AppMain in 5.684 seconds (JVM running for 6.491)
2023-11-27 10:23:42.257 [RMI TCP Connection(5)-192.168.1.214] INFO  o.a.c.core.ContainerBase.[Tomcat].[localhost].[/] - Initializing Spring DispatcherServlet 'dispatcherServlet'
2023-11-27 10:23:42.258 [RMI TCP Connection(5)-192.168.1.214] INFO  org.springframework.web.servlet.DispatcherServlet - Initializing Servlet 'dispatcherServlet'
2023-11-27 10:23:42.260 [RMI TCP Connection(5)-192.168.1.214] INFO  org.springframework.web.servlet.DispatcherServlet - Completed initialization in 1 ms
2023-11-27 10:27:59.191 [SpringApplicationShutdownHook] INFO  com.alibaba.druid.pool.DruidDataSource - {dataSource-1} closing ...
2023-11-27 10:27:59.195 [SpringApplicationShutdownHook] INFO  com.alibaba.druid.pool.DruidDataSource - {dataSource-1} closed
2023-11-27 10:28:01.941 [restartedMain] INFO  tech.twocats.admin.AppMain - Starting AppMain using Java 1.8.0_381 on Wuzx with PID 3464 (D:\Workspace\Java\twocats-admin-fast\target\classes started by 吴正贤 in D:\Workspace\Java\twocats-admin-fast)
2023-11-27 10:28:01.943 [restartedMain] INFO  tech.twocats.admin.AppMain - The following 1 profile is active: "dev"
2023-11-27 10:28:01.977 [restartedMain] INFO  o.s.b.d.env.DevToolsPropertyDefaultsPostProcessor - Devtools property defaults active! Set 'spring.devtools.add-properties' to 'false' to disable
2023-11-27 10:28:01.978 [restartedMain] INFO  o.s.b.d.env.DevToolsPropertyDefaultsPostProcessor - For additional web related logging consider setting the 'logging.level.web' property to 'DEBUG'
2023-11-27 10:28:02.931 [restartedMain] INFO  o.s.boot.web.embedded.tomcat.TomcatWebServer - Tomcat initialized with port(s): 8080 (http)
2023-11-27 10:28:02.937 [restartedMain] INFO  org.apache.coyote.http11.Http11NioProtocol - Initializing ProtocolHandler ["http-nio-8080"]
2023-11-27 10:28:02.937 [restartedMain] INFO  org.apache.catalina.core.StandardService - Starting service [Tomcat]
2023-11-27 10:28:02.937 [restartedMain] INFO  org.apache.catalina.core.StandardEngine - Starting Servlet engine: [Apache Tomcat/9.0.69]
2023-11-27 10:28:02.998 [restartedMain] INFO  o.a.c.core.ContainerBase.[Tomcat].[localhost].[/] - Initializing Spring embedded WebApplicationContext
2023-11-27 10:28:02.998 [restartedMain] INFO  o.s.b.w.s.c.ServletWebServerApplicationContext - Root WebApplicationContext: initialization completed in 1020 ms
2023-11-27 10:28:03.238 [restartedMain] INFO  c.a.d.s.b.a.DruidDataSourceAutoConfigure - Init DruidDataSource
2023-11-27 10:28:05.306 [restartedMain] INFO  com.alibaba.druid.pool.DruidDataSource - {dataSource-1} inited
2023-11-27 10:28:06.047 [restartedMain] INFO  o.s.b.a.web.servlet.WelcomePageHandlerMapping - Adding welcome page template: index
2023-11-27 10:28:06.365 [restartedMain] INFO  o.s.b.actuate.endpoint.web.EndpointLinksResolver - Exposing 1 endpoint(s) beneath base path '/actuator'
2023-11-27 10:28:06.394 [restartedMain] INFO  o.s.security.web.DefaultSecurityFilterChain - Will secure any request with [org.springframework.security.web.session.DisableEncodeUrlFilter@61e71e24, org.springframework.security.web.context.request.async.WebAsyncManagerIntegrationFilter@16f4940d, org.springframework.security.web.context.SecurityContextHolderFilter@837d3ab, org.springframework.security.web.header.HeaderWriterFilter@559e4000, org.springframework.security.web.authentication.logout.LogoutFilter@31e0154a, org.springframework.security.web.session.ConcurrentSessionFilter@19189f59, org.springframework.security.web.savedrequest.RequestCacheAwareFilter@5e0f19e6, org.springframework.security.web.servletapi.SecurityContextHolderAwareRequestFilter@6ea50457, org.springframework.security.web.authentication.AnonymousAuthenticationFilter@51d2a4c6, org.springframework.security.web.session.SessionManagementFilter@540451d4, org.springframework.security.web.access.ExceptionTranslationFilter@5ac26a17, org.springframework.security.web.access.intercept.AuthorizationFilter@56f06d2a]
2023-11-27 10:28:06.402 [restartedMain] INFO  o.s.security.web.DefaultSecurityFilterChain - Will secure any request with [org.springframework.security.web.session.DisableEncodeUrlFilter@4c5787bb, org.springframework.security.web.context.request.async.WebAsyncManagerIntegrationFilter@34bcdfc6, org.springframework.security.web.context.SecurityContextPersistenceFilter@1ac12f83, org.springframework.security.web.header.HeaderWriterFilter@7fb39eef, org.springframework.security.web.csrf.CsrfFilter@fa09990, org.springframework.security.web.authentication.logout.LogoutFilter@2e0d5123, org.springframework.security.web.authentication.UsernamePasswordAuthenticationFilter@14b452b1, org.springframework.security.web.authentication.ui.DefaultLoginPageGeneratingFilter@416f4fa, org.springframework.security.web.authentication.ui.DefaultLogoutPageGeneratingFilter@45d4f06b, org.springframework.security.web.authentication.www.BasicAuthenticationFilter@1a1d709a, org.springframework.security.web.savedrequest.RequestCacheAwareFilter@44750511, org.springframework.security.web.servletapi.SecurityContextHolderAwareRequestFilter@2752bf96, org.springframework.security.web.authentication.AnonymousAuthenticationFilter@73c303ba, org.springframework.security.web.session.SessionManagementFilter@11a6483e, org.springframework.security.web.access.ExceptionTranslationFilter@4e321b19, org.springframework.security.web.access.intercept.AuthorizationFilter@79b1526e]
2023-11-27 10:28:06.569 [restartedMain] INFO  o.s.b.d.autoconfigure.OptionalLiveReloadServer - LiveReload server is running on port 35729
2023-11-27 10:28:06.597 [restartedMain] INFO  org.apache.coyote.http11.Http11NioProtocol - Starting ProtocolHandler ["http-nio-8080"]
2023-11-27 10:28:06.610 [restartedMain] INFO  o.s.boot.web.embedded.tomcat.TomcatWebServer - Tomcat started on port(s): 8080 (http) with context path ''
2023-11-27 10:28:06.623 [restartedMain] INFO  tech.twocats.admin.AppMain - Started AppMain in 5.014 seconds (JVM running for 5.892)
2023-11-27 10:28:07.543 [RMI TCP Connection(3)-192.168.1.214] INFO  o.a.c.core.ContainerBase.[Tomcat].[localhost].[/] - Initializing Spring DispatcherServlet 'dispatcherServlet'
2023-11-27 10:28:07.543 [RMI TCP Connection(3)-192.168.1.214] INFO  org.springframework.web.servlet.DispatcherServlet - Initializing Servlet 'dispatcherServlet'
2023-11-27 10:28:07.544 [RMI TCP Connection(3)-192.168.1.214] INFO  org.springframework.web.servlet.DispatcherServlet - Completed initialization in 1 ms
2023-11-27 10:29:17.174 [SpringApplicationShutdownHook] INFO  com.alibaba.druid.pool.DruidDataSource - {dataSource-1} closing ...
2023-11-27 10:29:17.179 [SpringApplicationShutdownHook] INFO  com.alibaba.druid.pool.DruidDataSource - {dataSource-1} closed
2023-11-27 10:29:19.745 [restartedMain] INFO  tech.twocats.admin.AppMain - Starting AppMain using Java 1.8.0_381 on Wuzx with PID 13788 (D:\Workspace\Java\twocats-admin-fast\target\classes started by 吴正贤 in D:\Workspace\Java\twocats-admin-fast)
2023-11-27 10:29:19.747 [restartedMain] INFO  tech.twocats.admin.AppMain - The following 1 profile is active: "dev"
2023-11-27 10:29:19.815 [restartedMain] INFO  o.s.b.d.env.DevToolsPropertyDefaultsPostProcessor - Devtools property defaults active! Set 'spring.devtools.add-properties' to 'false' to disable
2023-11-27 10:29:19.816 [restartedMain] INFO  o.s.b.d.env.DevToolsPropertyDefaultsPostProcessor - For additional web related logging consider setting the 'logging.level.web' property to 'DEBUG'
2023-11-27 10:29:20.944 [restartedMain] INFO  o.s.boot.web.embedded.tomcat.TomcatWebServer - Tomcat initialized with port(s): 8080 (http)
2023-11-27 10:29:20.959 [restartedMain] INFO  org.apache.coyote.http11.Http11NioProtocol - Initializing ProtocolHandler ["http-nio-8080"]
2023-11-27 10:29:20.959 [restartedMain] INFO  org.apache.catalina.core.StandardService - Starting service [Tomcat]
2023-11-27 10:29:20.959 [restartedMain] INFO  org.apache.catalina.core.StandardEngine - Starting Servlet engine: [Apache Tomcat/9.0.69]
2023-11-27 10:29:21.031 [restartedMain] INFO  o.a.c.core.ContainerBase.[Tomcat].[localhost].[/] - Initializing Spring embedded WebApplicationContext
2023-11-27 10:29:21.031 [restartedMain] INFO  o.s.b.w.s.c.ServletWebServerApplicationContext - Root WebApplicationContext: initialization completed in 1215 ms
2023-11-27 10:29:21.320 [restartedMain] INFO  c.a.d.s.b.a.DruidDataSourceAutoConfigure - Init DruidDataSource
2023-11-27 10:29:23.309 [restartedMain] INFO  com.alibaba.druid.pool.DruidDataSource - {dataSource-1} inited
2023-11-27 10:29:24.077 [restartedMain] INFO  o.s.b.a.web.servlet.WelcomePageHandlerMapping - Adding welcome page template: index
2023-11-27 10:29:24.399 [restartedMain] INFO  o.s.b.actuate.endpoint.web.EndpointLinksResolver - Exposing 1 endpoint(s) beneath base path '/actuator'
2023-11-27 10:29:24.431 [restartedMain] INFO  o.s.security.web.DefaultSecurityFilterChain - Will secure any request with [org.springframework.security.web.session.DisableEncodeUrlFilter@7fb27039, org.springframework.security.web.context.request.async.WebAsyncManagerIntegrationFilter@2477f3fa, org.springframework.security.web.context.SecurityContextHolderFilter@6476931b, org.springframework.security.web.header.HeaderWriterFilter@cd441ec, org.springframework.security.web.authentication.logout.LogoutFilter@1e669e23, org.springframework.security.web.session.ConcurrentSessionFilter@60fd4b6, org.springframework.security.web.savedrequest.RequestCacheAwareFilter@590f2297, org.springframework.security.web.servletapi.SecurityContextHolderAwareRequestFilter@47e99abe, org.springframework.security.web.authentication.AnonymousAuthenticationFilter@38057462, org.springframework.security.web.session.SessionManagementFilter@33b893b2, org.springframework.security.web.access.ExceptionTranslationFilter@b34f02d, org.springframework.security.web.access.intercept.AuthorizationFilter@5e493a97]
2023-11-27 10:29:24.439 [restartedMain] INFO  o.s.security.web.DefaultSecurityFilterChain - Will secure any request with [org.springframework.security.web.session.DisableEncodeUrlFilter@3d58c38b, org.springframework.security.web.context.request.async.WebAsyncManagerIntegrationFilter@7ba56ef5, org.springframework.security.web.context.SecurityContextPersistenceFilter@1c9bdc95, org.springframework.security.web.header.HeaderWriterFilter@4340529f, org.springframework.security.web.csrf.CsrfFilter@7f01b5e1, org.springframework.security.web.authentication.logout.LogoutFilter@67365621, org.springframework.security.web.authentication.UsernamePasswordAuthenticationFilter@15258e68, org.springframework.security.web.authentication.ui.DefaultLoginPageGeneratingFilter@655c8113, org.springframework.security.web.authentication.ui.DefaultLogoutPageGeneratingFilter@1352fcc0, org.springframework.security.web.authentication.www.BasicAuthenticationFilter@4d1a43, org.springframework.security.web.savedrequest.RequestCacheAwareFilter@744efa5f, org.springframework.security.web.servletapi.SecurityContextHolderAwareRequestFilter@35db8ae3, org.springframework.security.web.authentication.AnonymousAuthenticationFilter@2abd660c, org.springframework.security.web.session.SessionManagementFilter@6ec7d211, org.springframework.security.web.access.ExceptionTranslationFilter@343b90c1, org.springframework.security.web.access.intercept.AuthorizationFilter@264514ac]
2023-11-27 10:29:24.614 [restartedMain] INFO  o.s.b.d.autoconfigure.OptionalLiveReloadServer - LiveReload server is running on port 35729
2023-11-27 10:29:24.640 [restartedMain] INFO  org.apache.coyote.http11.Http11NioProtocol - Starting ProtocolHandler ["http-nio-8080"]
2023-11-27 10:29:24.653 [restartedMain] INFO  o.s.boot.web.embedded.tomcat.TomcatWebServer - Tomcat started on port(s): 8080 (http) with context path ''
2023-11-27 10:29:24.663 [restartedMain] INFO  tech.twocats.admin.AppMain - Started AppMain in 5.237 seconds (JVM running for 6.207)
2023-11-27 10:29:25.126 [RMI TCP Connection(5)-192.168.1.214] INFO  o.a.c.core.ContainerBase.[Tomcat].[localhost].[/] - Initializing Spring DispatcherServlet 'dispatcherServlet'
2023-11-27 10:29:25.127 [RMI TCP Connection(5)-192.168.1.214] INFO  org.springframework.web.servlet.DispatcherServlet - Initializing Servlet 'dispatcherServlet'
2023-11-27 10:29:25.128 [RMI TCP Connection(5)-192.168.1.214] INFO  org.springframework.web.servlet.DispatcherServlet - Completed initialization in 1 ms
2023-11-27 10:31:50.272 [SpringApplicationShutdownHook] INFO  com.alibaba.druid.pool.DruidDataSource - {dataSource-1} closing ...
2023-11-27 10:31:50.276 [SpringApplicationShutdownHook] INFO  com.alibaba.druid.pool.DruidDataSource - {dataSource-1} closed
2023-11-27 10:31:52.683 [restartedMain] INFO  tech.twocats.admin.AppMain - Starting AppMain using Java 1.8.0_381 on Wuzx with PID 27848 (D:\Workspace\Java\twocats-admin-fast\target\classes started by 吴正贤 in D:\Workspace\Java\twocats-admin-fast)
2023-11-27 10:31:52.685 [restartedMain] INFO  tech.twocats.admin.AppMain - The following 1 profile is active: "dev"
2023-11-27 10:31:52.739 [restartedMain] INFO  o.s.b.d.env.DevToolsPropertyDefaultsPostProcessor - Devtools property defaults active! Set 'spring.devtools.add-properties' to 'false' to disable
2023-11-27 10:31:52.739 [restartedMain] INFO  o.s.b.d.env.DevToolsPropertyDefaultsPostProcessor - For additional web related logging consider setting the 'logging.level.web' property to 'DEBUG'
2023-11-27 10:31:53.646 [restartedMain] INFO  o.s.boot.web.embedded.tomcat.TomcatWebServer - Tomcat initialized with port(s): 8080 (http)
2023-11-27 10:31:53.653 [restartedMain] INFO  org.apache.coyote.http11.Http11NioProtocol - Initializing ProtocolHandler ["http-nio-8080"]
2023-11-27 10:31:53.653 [restartedMain] INFO  org.apache.catalina.core.StandardService - Starting service [Tomcat]
2023-11-27 10:31:53.653 [restartedMain] INFO  org.apache.catalina.core.StandardEngine - Starting Servlet engine: [Apache Tomcat/9.0.69]
2023-11-27 10:31:53.715 [restartedMain] INFO  o.a.c.core.ContainerBase.[Tomcat].[localhost].[/] - Initializing Spring embedded WebApplicationContext
2023-11-27 10:31:53.715 [restartedMain] INFO  o.s.b.w.s.c.ServletWebServerApplicationContext - Root WebApplicationContext: initialization completed in 975 ms
2023-11-27 10:31:53.956 [restartedMain] INFO  c.a.d.s.b.a.DruidDataSourceAutoConfigure - Init DruidDataSource
2023-11-27 10:31:56.560 [restartedMain] INFO  com.alibaba.druid.pool.DruidDataSource - {dataSource-1} inited
2023-11-27 10:31:57.292 [restartedMain] INFO  o.s.b.a.web.servlet.WelcomePageHandlerMapping - Adding welcome page template: index
2023-11-27 10:31:57.599 [restartedMain] INFO  o.s.b.actuate.endpoint.web.EndpointLinksResolver - Exposing 1 endpoint(s) beneath base path '/actuator'
2023-11-27 10:31:57.629 [restartedMain] INFO  o.s.security.web.DefaultSecurityFilterChain - Will secure any request with [org.springframework.security.web.session.DisableEncodeUrlFilter@16fd89c7, org.springframework.security.web.context.request.async.WebAsyncManagerIntegrationFilter@5b811173, org.springframework.security.web.context.SecurityContextHolderFilter@6312da71, org.springframework.security.web.header.HeaderWriterFilter@6bfe8312, org.springframework.security.web.authentication.logout.LogoutFilter@62a60995, org.springframework.security.web.session.ConcurrentSessionFilter@51ff277c, org.springframework.security.web.savedrequest.RequestCacheAwareFilter@3ef8018e, org.springframework.security.web.servletapi.SecurityContextHolderAwareRequestFilter@7dfd100c, org.springframework.security.web.authentication.AnonymousAuthenticationFilter@31f9c20c, org.springframework.security.web.session.SessionManagementFilter@aea5d06, org.springframework.security.web.access.ExceptionTranslationFilter@68b4e67a, org.springframework.security.web.access.intercept.AuthorizationFilter@3f9851c1]
2023-11-27 10:31:57.637 [restartedMain] INFO  o.s.security.web.DefaultSecurityFilterChain - Will secure any request with [org.springframework.security.web.session.DisableEncodeUrlFilter@74e8494a, org.springframework.security.web.context.request.async.WebAsyncManagerIntegrationFilter@325aace1, org.springframework.security.web.context.SecurityContextPersistenceFilter@6f5e9022, org.springframework.security.web.header.HeaderWriterFilter@5ea0288c, org.springframework.security.web.csrf.CsrfFilter@4becf89d, org.springframework.security.web.authentication.logout.LogoutFilter@556a34ec, org.springframework.security.web.authentication.UsernamePasswordAuthenticationFilter@50106e7d, org.springframework.security.web.authentication.ui.DefaultLoginPageGeneratingFilter@7538ea56, org.springframework.security.web.authentication.ui.DefaultLogoutPageGeneratingFilter@255f150b, org.springframework.security.web.authentication.www.BasicAuthenticationFilter@65fe4d8c, org.springframework.security.web.savedrequest.RequestCacheAwareFilter@3cc91121, org.springframework.security.web.servletapi.SecurityContextHolderAwareRequestFilter@63f2aa7c, org.springframework.security.web.authentication.AnonymousAuthenticationFilter@76efe45b, org.springframework.security.web.session.SessionManagementFilter@435ab0c4, org.springframework.security.web.access.ExceptionTranslationFilter@5d01d8b0, org.springframework.security.web.access.intercept.AuthorizationFilter@1cb7bb2e]
2023-11-27 10:31:57.794 [restartedMain] INFO  o.s.b.d.autoconfigure.OptionalLiveReloadServer - LiveReload server is running on port 35729
2023-11-27 10:31:57.820 [restartedMain] INFO  org.apache.coyote.http11.Http11NioProtocol - Starting ProtocolHandler ["http-nio-8080"]
2023-11-27 10:31:57.840 [restartedMain] INFO  o.s.boot.web.embedded.tomcat.TomcatWebServer - Tomcat started on port(s): 8080 (http) with context path ''
2023-11-27 10:31:57.852 [restartedMain] INFO  tech.twocats.admin.AppMain - Started AppMain in 5.461 seconds (JVM running for 6.38)
2023-11-27 10:31:58.772 [RMI TCP Connection(3)-192.168.1.214] INFO  o.a.c.core.ContainerBase.[Tomcat].[localhost].[/] - Initializing Spring DispatcherServlet 'dispatcherServlet'
2023-11-27 10:31:58.772 [RMI TCP Connection(3)-192.168.1.214] INFO  org.springframework.web.servlet.DispatcherServlet - Initializing Servlet 'dispatcherServlet'
2023-11-27 10:31:58.773 [RMI TCP Connection(3)-192.168.1.214] INFO  org.springframework.web.servlet.DispatcherServlet - Completed initialization in 1 ms
2023-11-27 10:34:45.140 [SpringApplicationShutdownHook] INFO  com.alibaba.druid.pool.DruidDataSource - {dataSource-1} closing ...
2023-11-27 10:34:45.144 [SpringApplicationShutdownHook] INFO  com.alibaba.druid.pool.DruidDataSource - {dataSource-1} closed
2023-11-27 10:34:47.470 [restartedMain] INFO  tech.twocats.admin.AppMain - Starting AppMain using Java 1.8.0_381 on Wuzx with PID 6668 (D:\Workspace\Java\twocats-admin-fast\target\classes started by 吴正贤 in D:\Workspace\Java\twocats-admin-fast)
2023-11-27 10:34:47.472 [restartedMain] INFO  tech.twocats.admin.AppMain - The following 1 profile is active: "dev"
2023-11-27 10:34:47.505 [restartedMain] INFO  o.s.b.d.env.DevToolsPropertyDefaultsPostProcessor - Devtools property defaults active! Set 'spring.devtools.add-properties' to 'false' to disable
2023-11-27 10:34:47.505 [restartedMain] INFO  o.s.b.d.env.DevToolsPropertyDefaultsPostProcessor - For additional web related logging consider setting the 'logging.level.web' property to 'DEBUG'
2023-11-27 10:34:48.491 [restartedMain] INFO  o.s.boot.web.embedded.tomcat.TomcatWebServer - Tomcat initialized with port(s): 8080 (http)
2023-11-27 10:34:48.495 [restartedMain] INFO  org.apache.coyote.http11.Http11NioProtocol - Initializing ProtocolHandler ["http-nio-8080"]
2023-11-27 10:34:48.497 [restartedMain] INFO  org.apache.catalina.core.StandardService - Starting service [Tomcat]
2023-11-27 10:34:48.497 [restartedMain] INFO  org.apache.catalina.core.StandardEngine - Starting Servlet engine: [Apache Tomcat/9.0.69]
2023-11-27 10:34:48.554 [restartedMain] INFO  o.a.c.core.ContainerBase.[Tomcat].[localhost].[/] - Initializing Spring embedded WebApplicationContext
2023-11-27 10:34:48.554 [restartedMain] INFO  o.s.b.w.s.c.ServletWebServerApplicationContext - Root WebApplicationContext: initialization completed in 1048 ms
2023-11-27 10:34:48.789 [restartedMain] INFO  c.a.d.s.b.a.DruidDataSourceAutoConfigure - Init DruidDataSource
2023-11-27 10:34:50.946 [restartedMain] INFO  com.alibaba.druid.pool.DruidDataSource - {dataSource-1} inited
2023-11-27 10:34:51.666 [restartedMain] INFO  o.s.b.a.web.servlet.WelcomePageHandlerMapping - Adding welcome page template: index
2023-11-27 10:34:51.989 [restartedMain] INFO  o.s.b.actuate.endpoint.web.EndpointLinksResolver - Exposing 1 endpoint(s) beneath base path '/actuator'
2023-11-27 10:34:52.020 [restartedMain] INFO  o.s.security.web.DefaultSecurityFilterChain - Will secure any request with [org.springframework.security.web.session.DisableEncodeUrlFilter@44750511, org.springframework.security.web.context.request.async.WebAsyncManagerIntegrationFilter@2752bf96, org.springframework.security.web.context.SecurityContextHolderFilter@1894f81, org.springframework.security.web.header.HeaderWriterFilter@3502681e, org.springframework.security.web.authentication.logout.LogoutFilter@4a6d766d, org.springframework.security.web.session.ConcurrentSessionFilter@4299b04d, org.springframework.security.web.savedrequest.RequestCacheAwareFilter@4f0810b1, org.springframework.security.web.servletapi.SecurityContextHolderAwareRequestFilter@22513829, org.springframework.security.web.authentication.AnonymousAuthenticationFilter@416f4fa, org.springframework.security.web.session.SessionManagementFilter@5f4bac09, org.springframework.security.web.access.ExceptionTranslationFilter@7132066a, org.springframework.security.web.access.intercept.AuthorizationFilter@16af1a95]
2023-11-27 10:34:52.028 [restartedMain] INFO  o.s.security.web.DefaultSecurityFilterChain - Will secure any request with [org.springframework.security.web.session.DisableEncodeUrlFilter@3b1a5f0c, org.springframework.security.web.context.request.async.WebAsyncManagerIntegrationFilter@552565fe, org.springframework.security.web.context.SecurityContextPersistenceFilter@b2d5fce, org.springframework.security.web.header.HeaderWriterFilter@532c860e, org.springframework.security.web.csrf.CsrfFilter@5dd9305f, org.springframework.security.web.authentication.logout.LogoutFilter@a88ae96, org.springframework.security.web.authentication.UsernamePasswordAuthenticationFilter@4f859143, org.springframework.security.web.authentication.ui.DefaultLoginPageGeneratingFilter@75333037, org.springframework.security.web.authentication.ui.DefaultLogoutPageGeneratingFilter@2c97b45b, org.springframework.security.web.authentication.www.BasicAuthenticationFilter@218b0801, org.springframework.security.web.savedrequest.RequestCacheAwareFilter@4b8eb4e8, org.springframework.security.web.servletapi.SecurityContextHolderAwareRequestFilter@7c254761, org.springframework.security.web.authentication.AnonymousAuthenticationFilter@4f7b2703, org.springframework.security.web.session.SessionManagementFilter@1f62cfb5, org.springframework.security.web.access.ExceptionTranslationFilter@2eadd9ca, org.springframework.security.web.access.intercept.AuthorizationFilter@1ef7e282]
2023-11-27 10:34:52.182 [restartedMain] INFO  o.s.b.d.autoconfigure.OptionalLiveReloadServer - LiveReload server is running on port 35729
2023-11-27 10:34:52.208 [restartedMain] INFO  org.apache.coyote.http11.Http11NioProtocol - Starting ProtocolHandler ["http-nio-8080"]
2023-11-27 10:34:52.225 [restartedMain] INFO  o.s.boot.web.embedded.tomcat.TomcatWebServer - Tomcat started on port(s): 8080 (http) with context path ''
2023-11-27 10:34:52.237 [restartedMain] INFO  tech.twocats.admin.AppMain - Started AppMain in 5.075 seconds (JVM running for 5.955)
2023-11-27 10:34:52.839 [RMI TCP Connection(1)-192.168.1.214] INFO  o.a.c.core.ContainerBase.[Tomcat].[localhost].[/] - Initializing Spring DispatcherServlet 'dispatcherServlet'
2023-11-27 10:34:52.839 [RMI TCP Connection(1)-192.168.1.214] INFO  org.springframework.web.servlet.DispatcherServlet - Initializing Servlet 'dispatcherServlet'
2023-11-27 10:34:52.841 [RMI TCP Connection(1)-192.168.1.214] INFO  org.springframework.web.servlet.DispatcherServlet - Completed initialization in 2 ms
2023-11-27 10:42:02.027 [SpringApplicationShutdownHook] INFO  com.alibaba.druid.pool.DruidDataSource - {dataSource-1} closing ...
2023-11-27 10:42:02.031 [SpringApplicationShutdownHook] INFO  com.alibaba.druid.pool.DruidDataSource - {dataSource-1} closed
2023-11-27 10:42:04.322 [restartedMain] INFO  tech.twocats.admin.AppMain - Starting AppMain using Java 1.8.0_381 on Wuzx with PID 30176 (D:\Workspace\Java\twocats-admin-fast\target\classes started by 吴正贤 in D:\Workspace\Java\twocats-admin-fast)
2023-11-27 10:42:04.324 [restartedMain] INFO  tech.twocats.admin.AppMain - The following 1 profile is active: "dev"
2023-11-27 10:42:04.358 [restartedMain] INFO  o.s.b.d.env.DevToolsPropertyDefaultsPostProcessor - Devtools property defaults active! Set 'spring.devtools.add-properties' to 'false' to disable
2023-11-27 10:42:04.358 [restartedMain] INFO  o.s.b.d.env.DevToolsPropertyDefaultsPostProcessor - For additional web related logging consider setting the 'logging.level.web' property to 'DEBUG'
2023-11-27 10:42:05.238 [restartedMain] INFO  o.s.boot.web.embedded.tomcat.TomcatWebServer - Tomcat initialized with port(s): 8080 (http)
2023-11-27 10:42:05.244 [restartedMain] INFO  org.apache.coyote.http11.Http11NioProtocol - Initializing ProtocolHandler ["http-nio-8080"]
2023-11-27 10:42:05.244 [restartedMain] INFO  org.apache.catalina.core.StandardService - Starting service [Tomcat]
2023-11-27 10:42:05.245 [restartedMain] INFO  org.apache.catalina.core.StandardEngine - Starting Servlet engine: [Apache Tomcat/9.0.69]
2023-11-27 10:42:05.304 [restartedMain] INFO  o.a.c.core.ContainerBase.[Tomcat].[localhost].[/] - Initializing Spring embedded WebApplicationContext
2023-11-27 10:42:05.305 [restartedMain] INFO  o.s.b.w.s.c.ServletWebServerApplicationContext - Root WebApplicationContext: initialization completed in 947 ms
2023-11-27 10:42:05.535 [restartedMain] INFO  c.a.d.s.b.a.DruidDataSourceAutoConfigure - Init DruidDataSource
2023-11-27 10:42:07.576 [restartedMain] INFO  com.alibaba.druid.pool.DruidDataSource - {dataSource-1} inited
2023-11-27 10:42:08.286 [restartedMain] INFO  o.s.b.a.web.servlet.WelcomePageHandlerMapping - Adding welcome page template: index
2023-11-27 10:42:08.577 [restartedMain] INFO  o.s.b.actuate.endpoint.web.EndpointLinksResolver - Exposing 1 endpoint(s) beneath base path '/actuator'
2023-11-27 10:42:08.605 [restartedMain] INFO  o.s.security.web.DefaultSecurityFilterChain - Will secure any request with [org.springframework.security.web.session.DisableEncodeUrlFilter@5bd7a146, org.springframework.security.web.context.request.async.WebAsyncManagerIntegrationFilter@2e150124, org.springframework.security.web.context.SecurityContextHolderFilter@7d8e7d12, org.springframework.security.web.header.HeaderWriterFilter@7da55b4c, org.springframework.security.web.authentication.logout.LogoutFilter@50228965, org.springframework.security.web.session.ConcurrentSessionFilter@72aa4810, org.springframework.security.web.savedrequest.RequestCacheAwareFilter@2300d663, org.springframework.security.web.servletapi.SecurityContextHolderAwareRequestFilter@79211cbe, org.springframework.security.web.authentication.AnonymousAuthenticationFilter@586d27f4, org.springframework.security.web.session.SessionManagementFilter@1a9b3ff7, org.springframework.security.web.access.ExceptionTranslationFilter@38e6829d, org.springframework.security.web.access.intercept.AuthorizationFilter@2d152c35]
2023-11-27 10:42:08.612 [restartedMain] INFO  o.s.security.web.DefaultSecurityFilterChain - Will secure any request with [org.springframework.security.web.session.DisableEncodeUrlFilter@45d129f0, org.springframework.security.web.context.request.async.WebAsyncManagerIntegrationFilter@a376a8f, org.springframework.security.web.context.SecurityContextPersistenceFilter@54d49c7c, org.springframework.security.web.header.HeaderWriterFilter@143cfae5, org.springframework.security.web.csrf.CsrfFilter@648f655, org.springframework.security.web.authentication.logout.LogoutFilter@54b41e74, org.springframework.security.web.authentication.UsernamePasswordAuthenticationFilter@1bc23415, org.springframework.security.web.authentication.ui.DefaultLoginPageGeneratingFilter@5c5a10a3, org.springframework.security.web.authentication.ui.DefaultLogoutPageGeneratingFilter@760fca92, org.springframework.security.web.authentication.www.BasicAuthenticationFilter@14ed052e, org.springframework.security.web.savedrequest.RequestCacheAwareFilter@43977447, org.springframework.security.web.servletapi.SecurityContextHolderAwareRequestFilter@300f5502, org.springframework.security.web.authentication.AnonymousAuthenticationFilter@7ce73ada, org.springframework.security.web.session.SessionManagementFilter@15ef3aca, org.springframework.security.web.access.ExceptionTranslationFilter@33a49e07, org.springframework.security.web.access.intercept.AuthorizationFilter@71ba2f85]
2023-11-27 10:42:08.761 [restartedMain] INFO  o.s.b.d.autoconfigure.OptionalLiveReloadServer - LiveReload server is running on port 35729
2023-11-27 10:42:08.781 [restartedMain] INFO  org.apache.coyote.http11.Http11NioProtocol - Starting ProtocolHandler ["http-nio-8080"]
2023-11-27 10:42:08.797 [restartedMain] INFO  o.s.boot.web.embedded.tomcat.TomcatWebServer - Tomcat started on port(s): 8080 (http) with context path ''
2023-11-27 10:42:08.809 [restartedMain] INFO  tech.twocats.admin.AppMain - Started AppMain in 4.81 seconds (JVM running for 5.678)
2023-11-27 10:42:09.394 [RMI TCP Connection(2)-192.168.1.214] INFO  o.a.c.core.ContainerBase.[Tomcat].[localhost].[/] - Initializing Spring DispatcherServlet 'dispatcherServlet'
2023-11-27 10:42:09.394 [RMI TCP Connection(2)-192.168.1.214] INFO  org.springframework.web.servlet.DispatcherServlet - Initializing Servlet 'dispatcherServlet'
2023-11-27 10:42:09.395 [RMI TCP Connection(2)-192.168.1.214] INFO  org.springframework.web.servlet.DispatcherServlet - Completed initialization in 1 ms
2023-11-27 10:50:22.431 [SpringApplicationShutdownHook] INFO  com.alibaba.druid.pool.DruidDataSource - {dataSource-1} closing ...
2023-11-27 10:50:22.435 [SpringApplicationShutdownHook] INFO  com.alibaba.druid.pool.DruidDataSource - {dataSource-1} closed
2023-11-27 10:50:24.844 [restartedMain] INFO  tech.twocats.admin.AppMain - Starting AppMain using Java 1.8.0_381 on Wuzx with PID 10740 (D:\Workspace\Java\twocats-admin-fast\target\classes started by 吴正贤 in D:\Workspace\Java\twocats-admin-fast)
2023-11-27 10:50:24.845 [restartedMain] INFO  tech.twocats.admin.AppMain - The following 1 profile is active: "dev"
2023-11-27 10:50:24.877 [restartedMain] INFO  o.s.b.d.env.DevToolsPropertyDefaultsPostProcessor - Devtools property defaults active! Set 'spring.devtools.add-properties' to 'false' to disable
2023-11-27 10:50:24.877 [restartedMain] INFO  o.s.b.d.env.DevToolsPropertyDefaultsPostProcessor - For additional web related logging consider setting the 'logging.level.web' property to 'DEBUG'
2023-11-27 10:50:25.825 [restartedMain] INFO  o.s.boot.web.embedded.tomcat.TomcatWebServer - Tomcat initialized with port(s): 8080 (http)
2023-11-27 10:50:25.833 [restartedMain] INFO  org.apache.coyote.http11.Http11NioProtocol - Initializing ProtocolHandler ["http-nio-8080"]
2023-11-27 10:50:25.833 [restartedMain] INFO  org.apache.catalina.core.StandardService - Starting service [Tomcat]
2023-11-27 10:50:25.833 [restartedMain] INFO  org.apache.catalina.core.StandardEngine - Starting Servlet engine: [Apache Tomcat/9.0.69]
2023-11-27 10:50:25.894 [restartedMain] INFO  o.a.c.core.ContainerBase.[Tomcat].[localhost].[/] - Initializing Spring embedded WebApplicationContext
2023-11-27 10:50:25.894 [restartedMain] INFO  o.s.b.w.s.c.ServletWebServerApplicationContext - Root WebApplicationContext: initialization completed in 1016 ms
2023-11-27 10:50:26.133 [restartedMain] INFO  c.a.d.s.b.a.DruidDataSourceAutoConfigure - Init DruidDataSource
2023-11-27 10:50:28.190 [restartedMain] INFO  com.alibaba.druid.pool.DruidDataSource - {dataSource-1} inited
2023-11-27 10:50:28.927 [restartedMain] INFO  o.s.b.a.web.servlet.WelcomePageHandlerMapping - Adding welcome page template: index
2023-11-27 10:50:29.222 [restartedMain] INFO  o.s.b.actuate.endpoint.web.EndpointLinksResolver - Exposing 1 endpoint(s) beneath base path '/actuator'
2023-11-27 10:50:29.259 [restartedMain] INFO  o.s.security.web.DefaultSecurityFilterChain - Will secure any request with [org.springframework.security.web.session.DisableEncodeUrlFilter@705460a3, org.springframework.security.web.context.request.async.WebAsyncManagerIntegrationFilter@5d52968b, org.springframework.security.web.context.SecurityContextHolderFilter@61e1daeb, org.springframework.security.web.header.HeaderWriterFilter@270b3858, org.springframework.security.web.authentication.logout.LogoutFilter@39677ea0, org.springframework.security.web.session.ConcurrentSessionFilter@7e5411d7, org.springframework.security.web.savedrequest.RequestCacheAwareFilter@14ba784f, org.springframework.security.web.servletapi.SecurityContextHolderAwareRequestFilter@41a29d0d, org.springframework.security.web.authentication.AnonymousAuthenticationFilter@4b33d128, org.springframework.security.web.session.SessionManagementFilter@5517cfd4, org.springframework.security.web.access.ExceptionTranslationFilter@124523c0, org.springframework.security.web.access.intercept.AuthorizationFilter@2d2ca75a]
2023-11-27 10:50:29.269 [restartedMain] INFO  o.s.security.web.DefaultSecurityFilterChain - Will secure any request with [org.springframework.security.web.session.DisableEncodeUrlFilter@50e00705, org.springframework.security.web.context.request.async.WebAsyncManagerIntegrationFilter@5e2c1041, org.springframework.security.web.context.SecurityContextPersistenceFilter@1dfbb69f, org.springframework.security.web.header.HeaderWriterFilter@a6fe948, org.springframework.security.web.csrf.CsrfFilter@7bd36015, org.springframework.security.web.authentication.logout.LogoutFilter@d752205, org.springframework.security.web.authentication.UsernamePasswordAuthenticationFilter@70e0cd4d, org.springframework.security.web.authentication.ui.DefaultLoginPageGeneratingFilter@448f2f0, org.springframework.security.web.authentication.ui.DefaultLogoutPageGeneratingFilter@602f215, org.springframework.security.web.authentication.www.BasicAuthenticationFilter@b8a6f8e, org.springframework.security.web.savedrequest.RequestCacheAwareFilter@497f45ba, org.springframework.security.web.servletapi.SecurityContextHolderAwareRequestFilter@3c2fd074, org.springframework.security.web.authentication.AnonymousAuthenticationFilter@70fecd3d, org.springframework.security.web.session.SessionManagementFilter@7d48b2eb, org.springframework.security.web.access.ExceptionTranslationFilter@7fd560aa, org.springframework.security.web.access.intercept.AuthorizationFilter@393801e7]
2023-11-27 10:50:29.462 [restartedMain] INFO  o.s.b.d.autoconfigure.OptionalLiveReloadServer - LiveReload server is running on port 35729
2023-11-27 10:50:29.487 [restartedMain] INFO  org.apache.coyote.http11.Http11NioProtocol - Starting ProtocolHandler ["http-nio-8080"]
2023-11-27 10:50:29.502 [restartedMain] INFO  o.s.boot.web.embedded.tomcat.TomcatWebServer - Tomcat started on port(s): 8080 (http) with context path ''
2023-11-27 10:50:29.511 [restartedMain] INFO  tech.twocats.admin.AppMain - Started AppMain in 4.955 seconds (JVM running for 5.868)
2023-11-27 10:50:30.244 [RMI TCP Connection(1)-192.168.1.214] INFO  o.a.c.core.ContainerBase.[Tomcat].[localhost].[/] - Initializing Spring DispatcherServlet 'dispatcherServlet'
2023-11-27 10:50:30.244 [RMI TCP Connection(1)-192.168.1.214] INFO  org.springframework.web.servlet.DispatcherServlet - Initializing Servlet 'dispatcherServlet'
2023-11-27 10:50:30.245 [RMI TCP Connection(1)-192.168.1.214] INFO  org.springframework.web.servlet.DispatcherServlet - Completed initialization in 1 ms
2023-11-27 10:52:27.266 [SpringApplicationShutdownHook] INFO  com.alibaba.druid.pool.DruidDataSource - {dataSource-1} closing ...
2023-11-27 10:52:27.270 [SpringApplicationShutdownHook] INFO  com.alibaba.druid.pool.DruidDataSource - {dataSource-1} closed
2023-11-27 10:52:29.704 [restartedMain] INFO  tech.twocats.admin.AppMain - Starting AppMain using Java 1.8.0_381 on Wuzx with PID 15764 (D:\Workspace\Java\twocats-admin-fast\target\classes started by 吴正贤 in D:\Workspace\Java\twocats-admin-fast)
2023-11-27 10:52:29.706 [restartedMain] INFO  tech.twocats.admin.AppMain - The following 1 profile is active: "dev"
2023-11-27 10:52:29.739 [restartedMain] INFO  o.s.b.d.env.DevToolsPropertyDefaultsPostProcessor - Devtools property defaults active! Set 'spring.devtools.add-properties' to 'false' to disable
2023-11-27 10:52:29.739 [restartedMain] INFO  o.s.b.d.env.DevToolsPropertyDefaultsPostProcessor - For additional web related logging consider setting the 'logging.level.web' property to 'DEBUG'
2023-11-27 10:52:30.842 [restartedMain] INFO  o.s.boot.web.embedded.tomcat.TomcatWebServer - Tomcat initialized with port(s): 8080 (http)
2023-11-27 10:52:30.849 [restartedMain] INFO  org.apache.coyote.http11.Http11NioProtocol - Initializing ProtocolHandler ["http-nio-8080"]
2023-11-27 10:52:30.849 [restartedMain] INFO  org.apache.catalina.core.StandardService - Starting service [Tomcat]
2023-11-27 10:52:30.849 [restartedMain] INFO  org.apache.catalina.core.StandardEngine - Starting Servlet engine: [Apache Tomcat/9.0.69]
2023-11-27 10:52:30.928 [restartedMain] INFO  o.a.c.core.ContainerBase.[Tomcat].[localhost].[/] - Initializing Spring embedded WebApplicationContext
2023-11-27 10:52:30.928 [restartedMain] INFO  o.s.b.w.s.c.ServletWebServerApplicationContext - Root WebApplicationContext: initialization completed in 1188 ms
2023-11-27 10:52:31.198 [restartedMain] INFO  c.a.d.s.b.a.DruidDataSourceAutoConfigure - Init DruidDataSource
2023-11-27 10:52:33.180 [restartedMain] INFO  com.alibaba.druid.pool.DruidDataSource - {dataSource-1} inited
2023-11-27 10:52:33.986 [restartedMain] INFO  o.s.b.a.web.servlet.WelcomePageHandlerMapping - Adding welcome page template: index
2023-11-27 10:52:34.316 [restartedMain] INFO  o.s.b.actuate.endpoint.web.EndpointLinksResolver - Exposing 1 endpoint(s) beneath base path '/actuator'
2023-11-27 10:52:34.354 [restartedMain] INFO  o.s.security.web.DefaultSecurityFilterChain - Will secure any request with [org.springframework.security.web.session.DisableEncodeUrlFilter@60dc0e7b, org.springframework.security.web.context.request.async.WebAsyncManagerIntegrationFilter@506fa171, org.springframework.security.web.context.SecurityContextHolderFilter@2a659d66, org.springframework.security.web.header.HeaderWriterFilter@23bf9877, org.springframework.security.web.authentication.logout.LogoutFilter@517f8d92, org.springframework.security.web.session.ConcurrentSessionFilter@2203de58, org.springframework.security.web.savedrequest.RequestCacheAwareFilter@4be8c42b, org.springframework.security.web.servletapi.SecurityContextHolderAwareRequestFilter@133fe362, org.springframework.security.web.authentication.AnonymousAuthenticationFilter@3e214f70, org.springframework.security.web.session.SessionManagementFilter@60522ea9, org.springframework.security.web.access.ExceptionTranslationFilter@23b37f34, org.springframework.security.web.access.intercept.AuthorizationFilter@5e0023e2]
2023-11-27 10:52:34.365 [restartedMain] INFO  o.s.security.web.DefaultSecurityFilterChain - Will secure any request with [org.springframework.security.web.session.DisableEncodeUrlFilter@1b9fdc8a, org.springframework.security.web.context.request.async.WebAsyncManagerIntegrationFilter@2dd3ca48, org.springframework.security.web.context.SecurityContextPersistenceFilter@6e7cf561, org.springframework.security.web.header.HeaderWriterFilter@53b7caa4, org.springframework.security.web.csrf.CsrfFilter@4d935e63, org.springframework.security.web.authentication.logout.LogoutFilter@512038bd, org.springframework.security.web.authentication.UsernamePasswordAuthenticationFilter@1001b18e, org.springframework.security.web.authentication.ui.DefaultLoginPageGeneratingFilter@35de6b3b, org.springframework.security.web.authentication.ui.DefaultLogoutPageGeneratingFilter@ff34171, org.springframework.security.web.authentication.www.BasicAuthenticationFilter@35a2f40f, org.springframework.security.web.savedrequest.RequestCacheAwareFilter@3fdeaa05, org.springframework.security.web.servletapi.SecurityContextHolderAwareRequestFilter@5251b5b0, org.springframework.security.web.authentication.AnonymousAuthenticationFilter@12e30cc0, org.springframework.security.web.session.SessionManagementFilter@394bc46d, org.springframework.security.web.access.ExceptionTranslationFilter@afb611a, org.springframework.security.web.access.intercept.AuthorizationFilter@10f88451]
2023-11-27 10:52:34.574 [restartedMain] INFO  o.s.b.d.autoconfigure.OptionalLiveReloadServer - LiveReload server is running on port 35729
2023-11-27 10:52:34.604 [restartedMain] INFO  org.apache.coyote.http11.Http11NioProtocol - Starting ProtocolHandler ["http-nio-8080"]
2023-11-27 10:52:34.620 [restartedMain] INFO  o.s.boot.web.embedded.tomcat.TomcatWebServer - Tomcat started on port(s): 8080 (http) with context path ''
2023-11-27 10:52:34.635 [restartedMain] INFO  tech.twocats.admin.AppMain - Started AppMain in 5.247 seconds (JVM running for 6.136)
2023-11-27 10:52:35.091 [RMI TCP Connection(2)-192.168.1.214] INFO  o.a.c.core.ContainerBase.[Tomcat].[localhost].[/] - Initializing Spring DispatcherServlet 'dispatcherServlet'
2023-11-27 10:52:35.091 [RMI TCP Connection(2)-192.168.1.214] INFO  org.springframework.web.servlet.DispatcherServlet - Initializing Servlet 'dispatcherServlet'
2023-11-27 10:52:35.092 [RMI TCP Connection(2)-192.168.1.214] INFO  org.springframework.web.servlet.DispatcherServlet - Completed initialization in 1 ms
2023-11-27 11:08:38.415 [SpringApplicationShutdownHook] INFO  com.alibaba.druid.pool.DruidDataSource - {dataSource-1} closing ...
2023-11-27 11:08:38.416 [SpringApplicationShutdownHook] INFO  com.alibaba.druid.pool.DruidDataSource - {dataSource-1} closed
2023-11-27 11:14:39.390 [restartedMain] INFO  tech.twocats.admin.AppMain - Starting AppMain using Java 1.8.0_381 on Wuzx with PID 12844 (D:\Workspace\Java\twocats-admin-fast\target\classes started by 吴正贤 in D:\Workspace\Java\twocats-admin-fast)
2023-11-27 11:14:39.392 [restartedMain] INFO  tech.twocats.admin.AppMain - The following 1 profile is active: "dev"
2023-11-27 11:14:39.424 [restartedMain] INFO  o.s.b.d.env.DevToolsPropertyDefaultsPostProcessor - Devtools property defaults active! Set 'spring.devtools.add-properties' to 'false' to disable
2023-11-27 11:14:39.425 [restartedMain] INFO  o.s.b.d.env.DevToolsPropertyDefaultsPostProcessor - For additional web related logging consider setting the 'logging.level.web' property to 'DEBUG'
2023-11-27 11:14:40.424 [restartedMain] INFO  o.s.boot.web.embedded.tomcat.TomcatWebServer - Tomcat initialized with port(s): 8080 (http)
2023-11-27 11:14:40.433 [restartedMain] INFO  org.apache.coyote.http11.Http11NioProtocol - Initializing ProtocolHandler ["http-nio-8080"]
2023-11-27 11:14:40.433 [restartedMain] INFO  org.apache.catalina.core.StandardService - Starting service [Tomcat]
2023-11-27 11:14:40.434 [restartedMain] INFO  org.apache.catalina.core.StandardEngine - Starting Servlet engine: [Apache Tomcat/9.0.69]
2023-11-27 11:14:40.501 [restartedMain] INFO  o.a.c.core.ContainerBase.[Tomcat].[localhost].[/] - Initializing Spring embedded WebApplicationContext
2023-11-27 11:14:40.501 [restartedMain] INFO  o.s.b.w.s.c.ServletWebServerApplicationContext - Root WebApplicationContext: initialization completed in 1076 ms
2023-11-27 11:14:40.771 [restartedMain] INFO  c.a.d.s.b.a.DruidDataSourceAutoConfigure - Init DruidDataSource
2023-11-27 11:14:45.232 [restartedMain] INFO  com.alibaba.druid.pool.DruidDataSource - {dataSource-1} inited
2023-11-27 11:14:46.014 [restartedMain] INFO  o.s.b.a.web.servlet.WelcomePageHandlerMapping - Adding welcome page template: index
2023-11-27 11:14:46.373 [restartedMain] INFO  o.s.b.actuate.endpoint.web.EndpointLinksResolver - Exposing 1 endpoint(s) beneath base path '/actuator'
2023-11-27 11:14:46.414 [restartedMain] INFO  o.s.security.web.DefaultSecurityFilterChain - Will secure any request with [org.springframework.security.web.session.DisableEncodeUrlFilter@5884787a, org.springframework.security.web.context.request.async.WebAsyncManagerIntegrationFilter@49a02a5d, org.springframework.security.web.context.SecurityContextHolderFilter@109d7db4, org.springframework.security.web.header.HeaderWriterFilter@4cca6995, org.springframework.security.web.authentication.logout.LogoutFilter@2e880d0e, org.springframework.security.web.session.ConcurrentSessionFilter@1476a323, org.springframework.security.web.savedrequest.RequestCacheAwareFilter@22c9c996, org.springframework.security.web.servletapi.SecurityContextHolderAwareRequestFilter@62795253, org.springframework.security.web.authentication.AnonymousAuthenticationFilter@5f755f55, org.springframework.security.web.session.SessionManagementFilter@3cbdfa11, org.springframework.security.web.access.ExceptionTranslationFilter@5f4c4ccf, org.springframework.security.web.access.intercept.AuthorizationFilter@4f859143]
2023-11-27 11:14:46.423 [restartedMain] INFO  o.s.security.web.DefaultSecurityFilterChain - Will secure any request with [org.springframework.security.web.session.DisableEncodeUrlFilter@411b478c, org.springframework.security.web.context.request.async.WebAsyncManagerIntegrationFilter@3e1094d2, org.springframework.security.web.context.SecurityContextPersistenceFilter@68527d89, org.springframework.security.web.header.HeaderWriterFilter@671e9f6, org.springframework.security.web.csrf.CsrfFilter@25936da4, org.springframework.security.web.authentication.logout.LogoutFilter@4d9a9508, org.springframework.security.web.authentication.UsernamePasswordAuthenticationFilter@30aea68b, org.springframework.security.web.authentication.ui.DefaultLoginPageGeneratingFilter@53e1ebea, org.springframework.security.web.authentication.ui.DefaultLogoutPageGeneratingFilter@26c55a66, org.springframework.security.web.authentication.www.BasicAuthenticationFilter@6c6e9472, org.springframework.security.web.savedrequest.RequestCacheAwareFilter@1a216e15, org.springframework.security.web.servletapi.SecurityContextHolderAwareRequestFilter@13160afe, org.springframework.security.web.authentication.AnonymousAuthenticationFilter@639a3acb, org.springframework.security.web.session.SessionManagementFilter@5612c4a2, org.springframework.security.web.access.ExceptionTranslationFilter@38b94719, org.springframework.security.web.access.intercept.AuthorizationFilter@7bafe90b]
2023-11-27 11:14:46.614 [restartedMain] INFO  o.s.b.d.autoconfigure.OptionalLiveReloadServer - LiveReload server is running on port 35729
2023-11-27 11:14:46.637 [restartedMain] INFO  org.apache.coyote.http11.Http11NioProtocol - Starting ProtocolHandler ["http-nio-8080"]
2023-11-27 11:14:46.654 [restartedMain] INFO  o.s.boot.web.embedded.tomcat.TomcatWebServer - Tomcat started on port(s): 8080 (http) with context path ''
2023-11-27 11:14:46.666 [restartedMain] INFO  tech.twocats.admin.AppMain - Started AppMain in 7.57 seconds (JVM running for 8.412)
2023-11-27 11:14:47.321 [RMI TCP Connection(2)-192.168.81.128] INFO  o.a.c.core.ContainerBase.[Tomcat].[localhost].[/] - Initializing Spring DispatcherServlet 'dispatcherServlet'
2023-11-27 11:14:47.322 [RMI TCP Connection(2)-192.168.81.128] INFO  org.springframework.web.servlet.DispatcherServlet - Initializing Servlet 'dispatcherServlet'
2023-11-27 11:14:47.323 [RMI TCP Connection(2)-192.168.81.128] INFO  org.springframework.web.servlet.DispatcherServlet - Completed initialization in 1 ms
2023-11-27 11:18:27.511 [SpringApplicationShutdownHook] INFO  com.alibaba.druid.pool.DruidDataSource - {dataSource-1} closing ...
2023-11-27 11:18:27.515 [SpringApplicationShutdownHook] INFO  com.alibaba.druid.pool.DruidDataSource - {dataSource-1} closed
2023-11-27 11:18:33.110 [restartedMain] INFO  tech.twocats.admin.AppMain - Starting AppMain using Java 1.8.0_381 on Wuzx with PID 2084 (D:\Workspace\Java\twocats-admin-fast\target\classes started by 吴正贤 in D:\Workspace\Java\twocats-admin-fast)
2023-11-27 11:18:33.112 [restartedMain] INFO  tech.twocats.admin.AppMain - The following 1 profile is active: "dev"
2023-11-27 11:18:33.146 [restartedMain] INFO  o.s.b.d.env.DevToolsPropertyDefaultsPostProcessor - Devtools property defaults active! Set 'spring.devtools.add-properties' to 'false' to disable
2023-11-27 11:18:33.146 [restartedMain] INFO  o.s.b.d.env.DevToolsPropertyDefaultsPostProcessor - For additional web related logging consider setting the 'logging.level.web' property to 'DEBUG'
2023-11-27 11:18:34.071 [restartedMain] INFO  o.s.boot.web.embedded.tomcat.TomcatWebServer - Tomcat initialized with port(s): 8080 (http)
2023-11-27 11:18:34.078 [restartedMain] INFO  org.apache.coyote.http11.Http11NioProtocol - Initializing ProtocolHandler ["http-nio-8080"]
2023-11-27 11:18:34.079 [restartedMain] INFO  org.apache.catalina.core.StandardService - Starting service [Tomcat]
2023-11-27 11:18:34.079 [restartedMain] INFO  org.apache.catalina.core.StandardEngine - Starting Servlet engine: [Apache Tomcat/9.0.69]
2023-11-27 11:18:34.151 [restartedMain] INFO  o.a.c.core.ContainerBase.[Tomcat].[localhost].[/] - Initializing Spring embedded WebApplicationContext
2023-11-27 11:18:34.151 [restartedMain] INFO  o.s.b.w.s.c.ServletWebServerApplicationContext - Root WebApplicationContext: initialization completed in 1005 ms
2023-11-27 11:18:34.446 [restartedMain] INFO  c.a.d.s.b.a.DruidDataSourceAutoConfigure - Init DruidDataSource
2023-11-27 11:18:38.445 [restartedMain] INFO  com.alibaba.druid.pool.DruidDataSource - {dataSource-1} inited
2023-11-27 11:18:39.173 [restartedMain] INFO  o.s.b.a.web.servlet.WelcomePageHandlerMapping - Adding welcome page template: index
2023-11-27 11:18:39.474 [restartedMain] INFO  o.s.b.actuate.endpoint.web.EndpointLinksResolver - Exposing 1 endpoint(s) beneath base path '/actuator'
2023-11-27 11:18:39.509 [restartedMain] INFO  o.s.security.web.DefaultSecurityFilterChain - Will secure any request with [org.springframework.security.web.session.DisableEncodeUrlFilter@2c97b45b, org.springframework.security.web.context.request.async.WebAsyncManagerIntegrationFilter@4f7b2703, org.springframework.security.web.context.SecurityContextHolderFilter@18255861, org.springframework.security.web.header.HeaderWriterFilter@121b70bf, org.springframework.security.web.authentication.logout.LogoutFilter@d0158a4, org.springframework.security.web.session.ConcurrentSessionFilter@5164aa3c, org.springframework.security.web.savedrequest.RequestCacheAwareFilter@6f4cfac8, org.springframework.security.web.servletapi.SecurityContextHolderAwareRequestFilter@2adbfdbd, org.springframework.security.web.authentication.AnonymousAuthenticationFilter@2670f3df, org.springframework.security.web.session.SessionManagementFilter@62f85073, org.springframework.security.web.access.ExceptionTranslationFilter@58c97b88, org.springframework.security.web.access.intercept.AuthorizationFilter@294ba403]
2023-11-27 11:18:39.517 [restartedMain] INFO  o.s.security.web.DefaultSecurityFilterChain - Will secure any request with [org.springframework.security.web.session.DisableEncodeUrlFilter@2e8a3fd2, org.springframework.security.web.context.request.async.WebAsyncManagerIntegrationFilter@6c6e9472, org.springframework.security.web.context.SecurityContextPersistenceFilter@38b94719, org.springframework.security.web.header.HeaderWriterFilter@49c32e14, org.springframework.security.web.csrf.CsrfFilter@607fa916, org.springframework.security.web.authentication.logout.LogoutFilter@3964f8fd, org.springframework.security.web.authentication.UsernamePasswordAuthenticationFilter@3c99bba1, org.springframework.security.web.authentication.ui.DefaultLoginPageGeneratingFilter@68527d89, org.springframework.security.web.authentication.ui.DefaultLogoutPageGeneratingFilter@30aea68b, org.springframework.security.web.authentication.www.BasicAuthenticationFilter@68c69b57, org.springframework.security.web.savedrequest.RequestCacheAwareFilter@671e9f6, org.springframework.security.web.servletapi.SecurityContextHolderAwareRequestFilter@5612c4a2, org.springframework.security.web.authentication.AnonymousAuthenticationFilter@411b478c, org.springframework.security.web.session.SessionManagementFilter@25936da4, org.springframework.security.web.access.ExceptionTranslationFilter@414fe727, org.springframework.security.web.access.intercept.AuthorizationFilter@46e452d4]
2023-11-27 11:18:39.680 [restartedMain] INFO  o.s.b.d.autoconfigure.OptionalLiveReloadServer - LiveReload server is running on port 35729
2023-11-27 11:18:39.707 [restartedMain] INFO  org.apache.coyote.http11.Http11NioProtocol - Starting ProtocolHandler ["http-nio-8080"]
2023-11-27 11:18:39.721 [restartedMain] INFO  o.s.boot.web.embedded.tomcat.TomcatWebServer - Tomcat started on port(s): 8080 (http) with context path ''
2023-11-27 11:18:39.734 [restartedMain] INFO  tech.twocats.admin.AppMain - Started AppMain in 6.927 seconds (JVM running for 7.875)
2023-11-27 11:18:40.307 [RMI TCP Connection(3)-192.168.81.128] INFO  o.a.c.core.ContainerBase.[Tomcat].[localhost].[/] - Initializing Spring DispatcherServlet 'dispatcherServlet'
2023-11-27 11:18:40.307 [RMI TCP Connection(3)-192.168.81.128] INFO  org.springframework.web.servlet.DispatcherServlet - Initializing Servlet 'dispatcherServlet'
2023-11-27 11:18:40.308 [RMI TCP Connection(3)-192.168.81.128] INFO  org.springframework.web.servlet.DispatcherServlet - Completed initialization in 1 ms
2023-11-27 11:19:40.154 [SpringApplicationShutdownHook] INFO  com.alibaba.druid.pool.DruidDataSource - {dataSource-1} closing ...
2023-11-27 11:19:40.159 [SpringApplicationShutdownHook] INFO  com.alibaba.druid.pool.DruidDataSource - {dataSource-1} closed
2023-11-27 11:19:45.648 [restartedMain] INFO  tech.twocats.admin.AppMain - Starting AppMain using Java 1.8.0_381 on Wuzx with PID 21048 (D:\Workspace\Java\twocats-admin-fast\target\classes started by 吴正贤 in D:\Workspace\Java\twocats-admin-fast)
2023-11-27 11:19:45.651 [restartedMain] INFO  tech.twocats.admin.AppMain - The following 1 profile is active: "dev"
2023-11-27 11:19:45.680 [restartedMain] INFO  o.s.b.d.env.DevToolsPropertyDefaultsPostProcessor - Devtools property defaults active! Set 'spring.devtools.add-properties' to 'false' to disable
2023-11-27 11:19:45.680 [restartedMain] INFO  o.s.b.d.env.DevToolsPropertyDefaultsPostProcessor - For additional web related logging consider setting the 'logging.level.web' property to 'DEBUG'
2023-11-27 11:19:46.584 [restartedMain] INFO  o.s.boot.web.embedded.tomcat.TomcatWebServer - Tomcat initialized with port(s): 8080 (http)
2023-11-27 11:19:46.590 [restartedMain] INFO  org.apache.coyote.http11.Http11NioProtocol - Initializing ProtocolHandler ["http-nio-8080"]
2023-11-27 11:19:46.590 [restartedMain] INFO  org.apache.catalina.core.StandardService - Starting service [Tomcat]
2023-11-27 11:19:46.590 [restartedMain] INFO  org.apache.catalina.core.StandardEngine - Starting Servlet engine: [Apache Tomcat/9.0.69]
2023-11-27 11:19:46.648 [restartedMain] INFO  o.a.c.core.ContainerBase.[Tomcat].[localhost].[/] - Initializing Spring embedded WebApplicationContext
2023-11-27 11:19:46.648 [restartedMain] INFO  o.s.b.w.s.c.ServletWebServerApplicationContext - Root WebApplicationContext: initialization completed in 968 ms
2023-11-27 11:19:46.902 [restartedMain] INFO  c.a.d.s.b.a.DruidDataSourceAutoConfigure - Init DruidDataSource
2023-11-27 11:19:51.310 [restartedMain] INFO  com.alibaba.druid.pool.DruidDataSource - {dataSource-1} inited
2023-11-27 11:19:52.113 [restartedMain] INFO  o.s.b.a.web.servlet.WelcomePageHandlerMapping - Adding welcome page template: index
2023-11-27 11:19:52.465 [restartedMain] INFO  o.s.b.actuate.endpoint.web.EndpointLinksResolver - Exposing 1 endpoint(s) beneath base path '/actuator'
2023-11-27 11:19:52.508 [restartedMain] INFO  o.s.security.web.DefaultSecurityFilterChain - Will secure any request with [org.springframework.security.web.session.DisableEncodeUrlFilter@ba3a713, org.springframework.security.web.context.request.async.WebAsyncManagerIntegrationFilter@484222a7, org.springframework.security.web.context.SecurityContextHolderFilter@2785be35, org.springframework.security.web.header.HeaderWriterFilter@5e692210, org.springframework.security.web.authentication.logout.LogoutFilter@5a4daa2a, org.springframework.security.web.session.ConcurrentSessionFilter@1252e1d1, org.springframework.security.web.savedrequest.RequestCacheAwareFilter@4b169a41, org.springframework.security.web.servletapi.SecurityContextHolderAwareRequestFilter@72d2f3d4, org.springframework.security.web.authentication.AnonymousAuthenticationFilter@2805ac03, org.springframework.security.web.session.SessionManagementFilter@2644bc1, org.springframework.security.web.access.ExceptionTranslationFilter@390659d0, org.springframework.security.web.access.intercept.AuthorizationFilter@1ae5ec54]
2023-11-27 11:19:52.519 [restartedMain] INFO  o.s.security.web.DefaultSecurityFilterChain - Will secure any request with [org.springframework.security.web.session.DisableEncodeUrlFilter@3d4e138e, org.springframework.security.web.context.request.async.WebAsyncManagerIntegrationFilter@1b297e26, org.springframework.security.web.context.SecurityContextPersistenceFilter@5cbbae58, org.springframework.security.web.header.HeaderWriterFilter@6e27a8fd, org.springframework.security.web.csrf.CsrfFilter@fe67915, org.springframework.security.web.authentication.logout.LogoutFilter@61f2e316, org.springframework.security.web.authentication.UsernamePasswordAuthenticationFilter@3a6062f2, org.springframework.security.web.authentication.ui.DefaultLoginPageGeneratingFilter@6e8aec0b, org.springframework.security.web.authentication.ui.DefaultLogoutPageGeneratingFilter@15d5ad93, org.springframework.security.web.authentication.www.BasicAuthenticationFilter@2365b2f2, org.springframework.security.web.savedrequest.RequestCacheAwareFilter@17d6065c, org.springframework.security.web.servletapi.SecurityContextHolderAwareRequestFilter@44e5341b, org.springframework.security.web.authentication.AnonymousAuthenticationFilter@2c9b2a29, org.springframework.security.web.session.SessionManagementFilter@60a94d89, org.springframework.security.web.access.ExceptionTranslationFilter@3e0ea506, org.springframework.security.web.access.intercept.AuthorizationFilter@49f5dc38]
2023-11-27 11:19:52.746 [restartedMain] INFO  o.s.b.d.autoconfigure.OptionalLiveReloadServer - LiveReload server is running on port 35729
2023-11-27 11:19:52.774 [restartedMain] INFO  org.apache.coyote.http11.Http11NioProtocol - Starting ProtocolHandler ["http-nio-8080"]
2023-11-27 11:19:52.789 [restartedMain] INFO  o.s.boot.web.embedded.tomcat.TomcatWebServer - Tomcat started on port(s): 8080 (http) with context path ''
2023-11-27 11:19:52.804 [restartedMain] INFO  tech.twocats.admin.AppMain - Started AppMain in 7.429 seconds (JVM running for 8.212)
2023-11-27 11:19:53.196 [RMI TCP Connection(1)-192.168.81.128] INFO  o.a.c.core.ContainerBase.[Tomcat].[localhost].[/] - Initializing Spring DispatcherServlet 'dispatcherServlet'
2023-11-27 11:19:53.196 [RMI TCP Connection(1)-192.168.81.128] INFO  org.springframework.web.servlet.DispatcherServlet - Initializing Servlet 'dispatcherServlet'
2023-11-27 11:19:53.197 [RMI TCP Connection(1)-192.168.81.128] INFO  org.springframework.web.servlet.DispatcherServlet - Completed initialization in 1 ms
2023-11-27 11:26:12.819 [SpringApplicationShutdownHook] INFO  com.alibaba.druid.pool.DruidDataSource - {dataSource-1} closing ...
2023-11-27 11:26:12.824 [SpringApplicationShutdownHook] INFO  com.alibaba.druid.pool.DruidDataSource - {dataSource-1} closed
2023-11-27 11:26:15.766 [restartedMain] INFO  tech.twocats.admin.AppMain - Starting AppMain using Java 1.8.0_381 on Wuzx with PID 1724 (D:\Workspace\Java\twocats-admin-fast\target\classes started by 吴正贤 in D:\Workspace\Java\twocats-admin-fast)
2023-11-27 11:26:15.768 [restartedMain] INFO  tech.twocats.admin.AppMain - The following 1 profile is active: "dev"
2023-11-27 11:26:15.797 [restartedMain] INFO  o.s.b.d.env.DevToolsPropertyDefaultsPostProcessor - Devtools property defaults active! Set 'spring.devtools.add-properties' to 'false' to disable
2023-11-27 11:26:15.797 [restartedMain] INFO  o.s.b.d.env.DevToolsPropertyDefaultsPostProcessor - For additional web related logging consider setting the 'logging.level.web' property to 'DEBUG'
2023-11-27 11:26:16.813 [restartedMain] INFO  o.s.boot.web.embedded.tomcat.TomcatWebServer - Tomcat initialized with port(s): 8080 (http)
2023-11-27 11:26:16.820 [restartedMain] INFO  org.apache.coyote.http11.Http11NioProtocol - Initializing ProtocolHandler ["http-nio-8080"]
2023-11-27 11:26:16.820 [restartedMain] INFO  org.apache.catalina.core.StandardService - Starting service [Tomcat]
2023-11-27 11:26:16.820 [restartedMain] INFO  org.apache.catalina.core.StandardEngine - Starting Servlet engine: [Apache Tomcat/9.0.69]
2023-11-27 11:26:16.899 [restartedMain] INFO  o.a.c.core.ContainerBase.[Tomcat].[localhost].[/] - Initializing Spring embedded WebApplicationContext
2023-11-27 11:26:16.899 [restartedMain] INFO  o.s.b.w.s.c.ServletWebServerApplicationContext - Root WebApplicationContext: initialization completed in 1101 ms
2023-11-27 11:26:17.191 [restartedMain] INFO  c.a.d.s.b.a.DruidDataSourceAutoConfigure - Init DruidDataSource
2023-11-27 11:26:21.325 [restartedMain] INFO  com.alibaba.druid.pool.DruidDataSource - {dataSource-1} inited
2023-11-27 11:26:22.233 [restartedMain] INFO  o.s.b.a.web.servlet.WelcomePageHandlerMapping - Adding welcome page template: index
2023-11-27 11:26:22.560 [restartedMain] INFO  o.s.b.actuate.endpoint.web.EndpointLinksResolver - Exposing 1 endpoint(s) beneath base path '/actuator'
2023-11-27 11:26:22.597 [restartedMain] INFO  o.s.security.web.DefaultSecurityFilterChain - Will secure any request with [org.springframework.security.web.session.DisableEncodeUrlFilter@247313b0, org.springframework.security.web.context.request.async.WebAsyncManagerIntegrationFilter@5855e185, org.springframework.security.web.context.SecurityContextHolderFilter@5f93316c, org.springframework.security.web.header.HeaderWriterFilter@4215032d, org.springframework.security.web.authentication.logout.LogoutFilter@8c89ac7, org.springframework.security.web.session.ConcurrentSessionFilter@560fe932, org.springframework.security.web.savedrequest.RequestCacheAwareFilter@7ae717f0, org.springframework.security.web.servletapi.SecurityContextHolderAwareRequestFilter@2ed7dcbd, org.springframework.security.web.authentication.AnonymousAuthenticationFilter@5b2b43d0, org.springframework.security.web.session.SessionManagementFilter@7dffb2b9, org.springframework.security.web.access.ExceptionTranslationFilter@1c08ffa5, org.springframework.security.web.access.intercept.AuthorizationFilter@24e87d8e]
2023-11-27 11:26:22.606 [restartedMain] INFO  o.s.security.web.DefaultSecurityFilterChain - Will secure any request with [org.springframework.security.web.session.DisableEncodeUrlFilter@7d9771e5, org.springframework.security.web.context.request.async.WebAsyncManagerIntegrationFilter@316a688d, org.springframework.security.web.context.SecurityContextPersistenceFilter@49e90556, org.springframework.security.web.header.HeaderWriterFilter@57563400, org.springframework.security.web.csrf.CsrfFilter@1b42b583, org.springframework.security.web.authentication.logout.LogoutFilter@36808a9a, org.springframework.security.web.authentication.UsernamePasswordAuthenticationFilter@2062f92f, org.springframework.security.web.authentication.ui.DefaultLoginPageGeneratingFilter@452f0752, org.springframework.security.web.authentication.ui.DefaultLogoutPageGeneratingFilter@2533085b, org.springframework.security.web.authentication.www.BasicAuthenticationFilter@913abd0, org.springframework.security.web.savedrequest.RequestCacheAwareFilter@2ecfb23b, org.springframework.security.web.servletapi.SecurityContextHolderAwareRequestFilter@48df75d6, org.springframework.security.web.authentication.AnonymousAuthenticationFilter@122f2653, org.springframework.security.web.session.SessionManagementFilter@47895e89, org.springframework.security.web.access.ExceptionTranslationFilter@37c87af, org.springframework.security.web.access.intercept.AuthorizationFilter@1053b300]
2023-11-27 11:26:22.858 [restartedMain] INFO  o.s.b.d.autoconfigure.OptionalLiveReloadServer - LiveReload server is running on port 35729
2023-11-27 11:26:22.894 [restartedMain] INFO  org.apache.coyote.http11.Http11NioProtocol - Starting ProtocolHandler ["http-nio-8080"]
2023-11-27 11:26:22.914 [restartedMain] INFO  o.s.boot.web.embedded.tomcat.TomcatWebServer - Tomcat started on port(s): 8080 (http) with context path ''
2023-11-27 11:26:22.932 [restartedMain] INFO  tech.twocats.admin.AppMain - Started AppMain in 7.465 seconds (JVM running for 8.308)
2023-11-27 11:26:23.458 [RMI TCP Connection(4)-192.168.81.128] INFO  o.a.c.core.ContainerBase.[Tomcat].[localhost].[/] - Initializing Spring DispatcherServlet 'dispatcherServlet'
2023-11-27 11:26:23.458 [RMI TCP Connection(4)-192.168.81.128] INFO  org.springframework.web.servlet.DispatcherServlet - Initializing Servlet 'dispatcherServlet'
2023-11-27 11:26:23.459 [RMI TCP Connection(4)-192.168.81.128] INFO  org.springframework.web.servlet.DispatcherServlet - Completed initialization in 1 ms
2023-11-27 11:28:25.248 [SpringApplicationShutdownHook] INFO  com.alibaba.druid.pool.DruidDataSource - {dataSource-1} closing ...
2023-11-27 11:28:25.253 [SpringApplicationShutdownHook] INFO  com.alibaba.druid.pool.DruidDataSource - {dataSource-1} closed
2023-11-27 11:28:27.585 [restartedMain] INFO  tech.twocats.admin.AppMain - Starting AppMain using Java 1.8.0_381 on Wuzx with PID 29296 (D:\Workspace\Java\twocats-admin-fast\target\classes started by 吴正贤 in D:\Workspace\Java\twocats-admin-fast)
2023-11-27 11:28:27.589 [restartedMain] INFO  tech.twocats.admin.AppMain - The following 1 profile is active: "dev"
2023-11-27 11:28:27.637 [restartedMain] INFO  o.s.b.d.env.DevToolsPropertyDefaultsPostProcessor - Devtools property defaults active! Set 'spring.devtools.add-properties' to 'false' to disable
2023-11-27 11:28:27.639 [restartedMain] INFO  o.s.b.d.env.DevToolsPropertyDefaultsPostProcessor - For additional web related logging consider setting the 'logging.level.web' property to 'DEBUG'
2023-11-27 11:28:28.748 [restartedMain] INFO  o.s.boot.web.embedded.tomcat.TomcatWebServer - Tomcat initialized with port(s): 8080 (http)
2023-11-27 11:28:28.754 [restartedMain] INFO  org.apache.coyote.http11.Http11NioProtocol - Initializing ProtocolHandler ["http-nio-8080"]
2023-11-27 11:28:28.754 [restartedMain] INFO  org.apache.catalina.core.StandardService - Starting service [Tomcat]
2023-11-27 11:28:28.754 [restartedMain] INFO  org.apache.catalina.core.StandardEngine - Starting Servlet engine: [Apache Tomcat/9.0.69]
2023-11-27 11:28:28.825 [restartedMain] INFO  o.a.c.core.ContainerBase.[Tomcat].[localhost].[/] - Initializing Spring embedded WebApplicationContext
2023-11-27 11:28:28.825 [restartedMain] INFO  o.s.b.w.s.c.ServletWebServerApplicationContext - Root WebApplicationContext: initialization completed in 1186 ms
2023-11-27 11:28:29.061 [restartedMain] INFO  c.a.d.s.b.a.DruidDataSourceAutoConfigure - Init DruidDataSource
2023-11-27 11:28:33.368 [restartedMain] INFO  com.alibaba.druid.pool.DruidDataSource - {dataSource-1} inited
2023-11-27 11:28:34.171 [restartedMain] INFO  o.s.b.a.web.servlet.WelcomePageHandlerMapping - Adding welcome page template: index
2023-11-27 11:28:34.489 [restartedMain] INFO  o.s.b.actuate.endpoint.web.EndpointLinksResolver - Exposing 1 endpoint(s) beneath base path '/actuator'
2023-11-27 11:28:34.529 [restartedMain] INFO  o.s.security.web.DefaultSecurityFilterChain - Will secure any request with [org.springframework.security.web.session.DisableEncodeUrlFilter@317def70, org.springframework.security.web.context.request.async.WebAsyncManagerIntegrationFilter@882de1b, org.springframework.security.web.context.SecurityContextHolderFilter@2b6fd3ce, org.springframework.security.web.header.HeaderWriterFilter@217ef6e, org.springframework.security.web.authentication.logout.LogoutFilter@21b371b8, org.springframework.security.web.session.ConcurrentSessionFilter@44977ab1, org.springframework.security.web.savedrequest.RequestCacheAwareFilter@5ce9b247, org.springframework.security.web.servletapi.SecurityContextHolderAwareRequestFilter@a20e456, org.springframework.security.web.authentication.AnonymousAuthenticationFilter@5aa76fe5, org.springframework.security.web.session.SessionManagementFilter@6c9d6b7c, org.springframework.security.web.access.ExceptionTranslationFilter@4139b72a, org.springframework.security.web.access.intercept.AuthorizationFilter@78d72277]
2023-11-27 11:28:34.538 [restartedMain] INFO  o.s.security.web.DefaultSecurityFilterChain - Will secure any request with [org.springframework.security.web.session.DisableEncodeUrlFilter@2994ed06, org.springframework.security.web.context.request.async.WebAsyncManagerIntegrationFilter@e8283ca, org.springframework.security.web.context.SecurityContextPersistenceFilter@1945713c, org.springframework.security.web.header.HeaderWriterFilter@525d3a3b, org.springframework.security.web.csrf.CsrfFilter@74de8076, org.springframework.security.web.authentication.logout.LogoutFilter@48c3f480, org.springframework.security.web.authentication.UsernamePasswordAuthenticationFilter@4d3738a, org.springframework.security.web.authentication.ui.DefaultLoginPageGeneratingFilter@3a49894f, org.springframework.security.web.authentication.ui.DefaultLogoutPageGeneratingFilter@61f97378, org.springframework.security.web.authentication.www.BasicAuthenticationFilter@d7c5d07, org.springframework.security.web.savedrequest.RequestCacheAwareFilter@5c4145fe, org.springframework.security.web.servletapi.SecurityContextHolderAwareRequestFilter@677620af, org.springframework.security.web.authentication.AnonymousAuthenticationFilter@7e2903ee, org.springframework.security.web.session.SessionManagementFilter@19189f59, org.springframework.security.web.access.ExceptionTranslationFilter@49f1860c, org.springframework.security.web.access.intercept.AuthorizationFilter@3718c4fa]
2023-11-27 11:28:34.726 [restartedMain] INFO  o.s.b.d.autoconfigure.OptionalLiveReloadServer - LiveReload server is running on port 35729
2023-11-27 11:28:34.752 [restartedMain] INFO  org.apache.coyote.http11.Http11NioProtocol - Starting ProtocolHandler ["http-nio-8080"]
2023-11-27 11:28:34.767 [restartedMain] INFO  o.s.boot.web.embedded.tomcat.TomcatWebServer - Tomcat started on port(s): 8080 (http) with context path ''
2023-11-27 11:28:34.778 [restartedMain] INFO  tech.twocats.admin.AppMain - Started AppMain in 7.481 seconds (JVM running for 8.337)
2023-11-27 11:28:35.290 [RMI TCP Connection(2)-192.168.81.128] INFO  o.a.c.core.ContainerBase.[Tomcat].[localhost].[/] - Initializing Spring DispatcherServlet 'dispatcherServlet'
2023-11-27 11:28:35.291 [RMI TCP Connection(2)-192.168.81.128] INFO  org.springframework.web.servlet.DispatcherServlet - Initializing Servlet 'dispatcherServlet'
2023-11-27 11:28:35.292 [RMI TCP Connection(2)-192.168.81.128] INFO  org.springframework.web.servlet.DispatcherServlet - Completed initialization in 1 ms
2023-11-27 11:31:50.852 [SpringApplicationShutdownHook] INFO  com.alibaba.druid.pool.DruidDataSource - {dataSource-1} closing ...
2023-11-27 11:31:50.858 [SpringApplicationShutdownHook] INFO  com.alibaba.druid.pool.DruidDataSource - {dataSource-1} closed
