2023-11-23 11:25:17.105 [restartedMain] WARN  o.s.b.w.s.c.AnnotationConfigServletWebServerApplicationContext - Exception encountered during context initialization - cancelling refresh attempt: org.springframework.beans.factory.BeanDefinitionStoreException: Failed to process import candidates for configuration class [tech.twocats.admin.AppMain]; nested exception is java.lang.IllegalArgumentException: Unresolvable class definition for class [org.springdoc.core.conditions.MultipleOpenApiSupportCondition]
2023-11-23 11:29:47.650 [restartedMain] WARN  o.s.b.w.s.c.AnnotationConfigServletWebServerApplicationContext - Exception encountered during context initialization - cancelling refresh attempt: org.springframework.beans.factory.BeanDefinitionStoreException: Failed to process import candidates for configuration class [tech.twocats.admin.AppMain]; nested exception is java.lang.IllegalArgumentException: Unresolvable class definition for class [org.springdoc.core.conditions.MultipleOpenApiSupportCondition]
2023-11-23 11:29:49.957 [restartedMain] WARN  o.s.b.w.s.c.AnnotationConfigServletWebServerApplicationContext - Exception encountered during context initialization - cancelling refresh attempt: org.springframework.beans.factory.BeanDefinitionStoreException: Failed to process import candidates for configuration class [tech.twocats.admin.AppMain]; nested exception is java.lang.IllegalArgumentException: Unresolvable class definition for class [org.springdoc.core.conditions.MultipleOpenApiSupportCondition]
2023-11-23 11:29:54.536 [restartedMain] WARN  o.s.b.w.s.c.AnnotationConfigServletWebServerApplicationContext - Exception encountered during context initialization - cancelling refresh attempt: org.springframework.beans.factory.BeanDefinitionStoreException: Failed to process import candidates for configuration class [tech.twocats.admin.AppMain]; nested exception is java.lang.IllegalArgumentException: Unresolvable class definition for class [org.springdoc.core.conditions.MultipleOpenApiSupportCondition]
2023-11-23 11:34:24.954 [restartedMain] WARN  org.mybatis.spring.mapper.ClassPathMapperScanner - No MyBatis mapper was found in '[tech.twocats.admin]' package. Please check your configuration.
2023-11-23 11:34:25.391 [restartedMain] WARN  org.springframework.security.core.userdetails.User - User.withDefaultPasswordEncoder() is considered unsafe for production and is only intended for sample applications.
2023-11-23 11:34:26.117 [restartedMain] WARN  o.s.b.w.s.c.AnnotationConfigServletWebServerApplicationContext - Exception encountered during context initialization - cancelling refresh attempt: org.springframework.beans.factory.BeanCreationException: Error creating bean with name 'handlerExceptionResolver' defined in class path resource [org/springframework/boot/autoconfigure/web/servlet/WebMvcAutoConfiguration$EnableWebMvcConfiguration.class]: Bean instantiation via factory method failed; nested exception is org.springframework.beans.BeanInstantiationException: Failed to instantiate [org.springframework.web.servlet.HandlerExceptionResolver]: Factory method 'handlerExceptionResolver' threw exception; nested exception is java.lang.IllegalStateException: Ambiguous @ExceptionHandler method mapped for [class java.lang.Throwable]: {public org.springframework.web.servlet.ModelAndView tech.twocats.admin.handler.GlobalExceptionHandler.authenticationE(org.springframework.security.core.AuthenticationException), public org.springframework.web.servlet.ModelAndView tech.twocats.admin.handler.GlobalExceptionHandler.systemError(org.springframework.security.access.AccessDeniedException)}
2023-11-23 11:36:49.671 [restartedMain] WARN  org.mybatis.spring.mapper.ClassPathMapperScanner - No MyBatis mapper was found in '[tech.twocats.admin]' package. Please check your configuration.
2023-11-23 11:36:50.199 [restartedMain] WARN  org.springframework.security.core.userdetails.User - User.withDefaultPasswordEncoder() is considered unsafe for production and is only intended for sample applications.
2023-11-23 11:37:43.286 [restartedMain] WARN  org.mybatis.spring.mapper.ClassPathMapperScanner - No MyBatis mapper was found in '[tech.twocats.admin]' package. Please check your configuration.
2023-11-23 11:37:43.690 [restartedMain] WARN  org.springframework.security.core.userdetails.User - User.withDefaultPasswordEncoder() is considered unsafe for production and is only intended for sample applications.
2023-11-23 11:40:08.538 [restartedMain] WARN  org.mybatis.spring.mapper.ClassPathMapperScanner - No MyBatis mapper was found in '[tech.twocats.admin]' package. Please check your configuration.
2023-11-23 11:40:09.000 [restartedMain] WARN  org.springframework.security.core.userdetails.User - User.withDefaultPasswordEncoder() is considered unsafe for production and is only intended for sample applications.
2023-11-23 11:41:28.190 [restartedMain] WARN  org.mybatis.spring.mapper.ClassPathMapperScanner - No MyBatis mapper was found in '[tech.twocats.admin]' package. Please check your configuration.
2023-11-23 11:41:28.660 [restartedMain] WARN  org.springframework.security.core.userdetails.User - User.withDefaultPasswordEncoder() is considered unsafe for production and is only intended for sample applications.
2023-11-23 13:22:21.817 [restartedMain] WARN  org.mybatis.spring.mapper.ClassPathMapperScanner - No MyBatis mapper was found in '[tech.twocats.admin]' package. Please check your configuration.
2023-11-23 13:22:22.284 [restartedMain] WARN  org.springframework.security.core.userdetails.User - User.withDefaultPasswordEncoder() is considered unsafe for production and is only intended for sample applications.
2023-11-23 13:24:26.336 [restartedMain] WARN  org.mybatis.spring.mapper.ClassPathMapperScanner - No MyBatis mapper was found in '[tech.twocats.admin]' package. Please check your configuration.
2023-11-23 13:24:26.803 [restartedMain] WARN  org.springframework.security.core.userdetails.User - User.withDefaultPasswordEncoder() is considered unsafe for production and is only intended for sample applications.
2023-11-23 13:24:27.196 [restartedMain] WARN  o.s.b.w.s.c.AnnotationConfigServletWebServerApplicationContext - Exception encountered during context initialization - cancelling refresh attempt: org.springframework.beans.factory.UnsatisfiedDependencyException: Error creating bean with name 'org.springframework.security.config.annotation.web.configuration.WebSecurityConfiguration': Unsatisfied dependency expressed through method 'setFilterChains' parameter 0; nested exception is org.springframework.beans.factory.BeanCreationException: Error creating bean with name 'normalFilterChain' defined in class path resource [tech/twocats/admin/config/SecurityConfig.class]: Bean instantiation via factory method failed; nested exception is org.springframework.beans.BeanInstantiationException: Failed to instantiate [org.springframework.security.web.SecurityFilterChain]: Factory method 'normalFilterChain' threw exception; nested exception is java.lang.IllegalArgumentException: This method cannot decide whether these patterns are Spring MVC patterns or not. If this endpoint is a Spring MVC endpoint, please use requestMatchers(MvcRequestMatcher); otherwise, please use requestMatchers(AntPathRequestMatcher).

This is because there is more than one mappable servlet in your servlet context: {org.springframework.web.servlet.DispatcherServlet=[/], com.alibaba.druid.support.http.StatViewServlet=[/druid/*]}.

For each MvcRequestMatcher, call MvcRequestMatcher#setServletPath to indicate the servlet path.
2023-11-23 13:24:50.692 [restartedMain] WARN  org.mybatis.spring.mapper.ClassPathMapperScanner - No MyBatis mapper was found in '[tech.twocats.admin]' package. Please check your configuration.
2023-11-23 13:24:51.171 [restartedMain] WARN  org.springframework.security.core.userdetails.User - User.withDefaultPasswordEncoder() is considered unsafe for production and is only intended for sample applications.
2023-11-23 13:24:51.555 [restartedMain] WARN  o.s.b.w.s.c.AnnotationConfigServletWebServerApplicationContext - Exception encountered during context initialization - cancelling refresh attempt: org.springframework.beans.factory.UnsatisfiedDependencyException: Error creating bean with name 'org.springframework.security.config.annotation.web.configuration.WebSecurityConfiguration': Unsatisfied dependency expressed through method 'setFilterChains' parameter 0; nested exception is org.springframework.beans.factory.BeanCreationException: Error creating bean with name 'normalFilterChain' defined in class path resource [tech/twocats/admin/config/SecurityConfig.class]: Bean instantiation via factory method failed; nested exception is org.springframework.beans.BeanInstantiationException: Failed to instantiate [org.springframework.security.web.SecurityFilterChain]: Factory method 'normalFilterChain' threw exception; nested exception is java.lang.IllegalArgumentException: This method cannot decide whether these patterns are Spring MVC patterns or not. If this endpoint is a Spring MVC endpoint, please use requestMatchers(MvcRequestMatcher); otherwise, please use requestMatchers(AntPathRequestMatcher).

This is because there is more than one mappable servlet in your servlet context: {org.springframework.web.servlet.DispatcherServlet=[/], com.alibaba.druid.support.http.StatViewServlet=[/druid/*]}.

For each MvcRequestMatcher, call MvcRequestMatcher#setServletPath to indicate the servlet path.
2023-11-23 13:25:25.371 [restartedMain] WARN  org.mybatis.spring.mapper.ClassPathMapperScanner - No MyBatis mapper was found in '[tech.twocats.admin]' package. Please check your configuration.
2023-11-23 13:25:25.838 [restartedMain] WARN  org.springframework.security.core.userdetails.User - User.withDefaultPasswordEncoder() is considered unsafe for production and is only intended for sample applications.
2023-11-23 13:25:26.217 [restartedMain] WARN  o.s.b.w.s.c.AnnotationConfigServletWebServerApplicationContext - Exception encountered during context initialization - cancelling refresh attempt: org.springframework.beans.factory.UnsatisfiedDependencyException: Error creating bean with name 'org.springframework.security.config.annotation.web.configuration.WebSecurityConfiguration': Unsatisfied dependency expressed through method 'setFilterChains' parameter 0; nested exception is org.springframework.beans.factory.BeanCreationException: Error creating bean with name 'normalFilterChain' defined in class path resource [tech/twocats/admin/config/SecurityConfig.class]: Bean instantiation via factory method failed; nested exception is org.springframework.beans.BeanInstantiationException: Failed to instantiate [org.springframework.security.web.SecurityFilterChain]: Factory method 'normalFilterChain' threw exception; nested exception is java.lang.IllegalArgumentException: This method cannot decide whether these patterns are Spring MVC patterns or not. If this endpoint is a Spring MVC endpoint, please use requestMatchers(MvcRequestMatcher); otherwise, please use requestMatchers(AntPathRequestMatcher).

This is because there is more than one mappable servlet in your servlet context: {org.springframework.web.servlet.DispatcherServlet=[/], com.alibaba.druid.support.http.StatViewServlet=[/druid/*]}.

For each MvcRequestMatcher, call MvcRequestMatcher#setServletPath to indicate the servlet path.
2023-11-23 13:33:24.897 [restartedMain] WARN  org.mybatis.spring.mapper.ClassPathMapperScanner - No MyBatis mapper was found in '[tech.twocats.admin]' package. Please check your configuration.
2023-11-23 13:33:25.661 [restartedMain] WARN  org.springframework.security.core.userdetails.User - User.withDefaultPasswordEncoder() is considered unsafe for production and is only intended for sample applications.
2023-11-23 13:33:26.021 [restartedMain] WARN  o.s.b.w.s.c.AnnotationConfigServletWebServerApplicationContext - Exception encountered during context initialization - cancelling refresh attempt: org.springframework.beans.factory.UnsatisfiedDependencyException: Error creating bean with name 'org.springframework.security.config.annotation.web.configuration.WebSecurityConfiguration': Unsatisfied dependency expressed through method 'setFilterChains' parameter 0; nested exception is org.springframework.beans.factory.BeanCreationException: Error creating bean with name 'adminFilterChain' defined in class path resource [tech/twocats/admin/config/SecurityConfig.class]: Bean instantiation via factory method failed; nested exception is org.springframework.beans.BeanInstantiationException: Failed to instantiate [org.springframework.security.web.SecurityFilterChain]: Factory method 'adminFilterChain' threw exception; nested exception is java.lang.IllegalArgumentException: This method cannot decide whether these patterns are Spring MVC patterns or not. If this endpoint is a Spring MVC endpoint, please use requestMatchers(MvcRequestMatcher); otherwise, please use requestMatchers(AntPathRequestMatcher).

This is because there is more than one mappable servlet in your servlet context: {org.springframework.web.servlet.DispatcherServlet=[/], com.alibaba.druid.support.http.StatViewServlet=[/druid/*]}.

For each MvcRequestMatcher, call MvcRequestMatcher#setServletPath to indicate the servlet path.
2023-11-23 13:34:29.891 [restartedMain] WARN  org.mybatis.spring.mapper.ClassPathMapperScanner - No MyBatis mapper was found in '[tech.twocats.admin]' package. Please check your configuration.
2023-11-23 13:34:30.642 [restartedMain] WARN  org.springframework.security.core.userdetails.User - User.withDefaultPasswordEncoder() is considered unsafe for production and is only intended for sample applications.
2023-11-23 13:34:58.982 [restartedMain] WARN  org.mybatis.spring.mapper.ClassPathMapperScanner - No MyBatis mapper was found in '[tech.twocats.admin]' package. Please check your configuration.
2023-11-23 13:34:59.744 [restartedMain] WARN  org.springframework.security.core.userdetails.User - User.withDefaultPasswordEncoder() is considered unsafe for production and is only intended for sample applications.
2023-11-23 13:36:35.810 [restartedMain] WARN  org.mybatis.spring.mapper.ClassPathMapperScanner - No MyBatis mapper was found in '[tech.twocats.admin]' package. Please check your configuration.
2023-11-23 13:36:36.554 [restartedMain] WARN  org.springframework.security.core.userdetails.User - User.withDefaultPasswordEncoder() is considered unsafe for production and is only intended for sample applications.
2023-11-23 13:37:02.996 [restartedMain] WARN  org.mybatis.spring.mapper.ClassPathMapperScanner - No MyBatis mapper was found in '[tech.twocats.admin]' package. Please check your configuration.
2023-11-23 13:37:03.775 [restartedMain] WARN  org.springframework.security.core.userdetails.User - User.withDefaultPasswordEncoder() is considered unsafe for production and is only intended for sample applications.
2023-11-23 13:50:19.657 [restartedMain] WARN  org.mybatis.spring.mapper.ClassPathMapperScanner - No MyBatis mapper was found in '[tech.twocats.admin]' package. Please check your configuration.
2023-11-23 13:50:20.116 [restartedMain] WARN  org.springframework.security.core.userdetails.User - User.withDefaultPasswordEncoder() is considered unsafe for production and is only intended for sample applications.
2023-11-23 13:52:38.255 [restartedMain] WARN  org.mybatis.spring.mapper.ClassPathMapperScanner - No MyBatis mapper was found in '[tech.twocats.admin]' package. Please check your configuration.
2023-11-23 13:52:38.730 [restartedMain] WARN  org.springframework.security.core.userdetails.User - User.withDefaultPasswordEncoder() is considered unsafe for production and is only intended for sample applications.
2023-11-23 13:53:17.883 [restartedMain] WARN  org.mybatis.spring.mapper.ClassPathMapperScanner - No MyBatis mapper was found in '[tech.twocats.admin]' package. Please check your configuration.
2023-11-23 13:53:18.400 [restartedMain] WARN  org.springframework.security.core.userdetails.User - User.withDefaultPasswordEncoder() is considered unsafe for production and is only intended for sample applications.
2023-11-23 14:12:41.440 [restartedMain] WARN  org.mybatis.spring.mapper.ClassPathMapperScanner - No MyBatis mapper was found in '[tech.twocats.admin]' package. Please check your configuration.
2023-11-23 14:12:41.937 [restartedMain] WARN  org.springframework.security.core.userdetails.User - User.withDefaultPasswordEncoder() is considered unsafe for production and is only intended for sample applications.
2023-11-23 14:15:15.878 [restartedMain] WARN  org.mybatis.spring.mapper.ClassPathMapperScanner - No MyBatis mapper was found in '[tech.twocats.admin]' package. Please check your configuration.
2023-11-23 14:15:16.353 [restartedMain] WARN  org.springframework.security.core.userdetails.User - User.withDefaultPasswordEncoder() is considered unsafe for production and is only intended for sample applications.
2023-11-23 14:16:10.997 [restartedMain] WARN  org.mybatis.spring.mapper.ClassPathMapperScanner - No MyBatis mapper was found in '[tech.twocats.admin]' package. Please check your configuration.
2023-11-23 14:16:11.556 [restartedMain] WARN  org.springframework.security.core.userdetails.User - User.withDefaultPasswordEncoder() is considered unsafe for production and is only intended for sample applications.
2023-11-23 14:18:53.251 [restartedMain] WARN  org.mybatis.spring.mapper.ClassPathMapperScanner - No MyBatis mapper was found in '[tech.twocats.admin]' package. Please check your configuration.
2023-11-23 14:18:53.869 [restartedMain] WARN  org.springframework.security.core.userdetails.User - User.withDefaultPasswordEncoder() is considered unsafe for production and is only intended for sample applications.
2023-11-23 14:20:13.495 [restartedMain] WARN  org.mybatis.spring.mapper.ClassPathMapperScanner - No MyBatis mapper was found in '[tech.twocats.admin]' package. Please check your configuration.
2023-11-23 14:20:14.074 [restartedMain] WARN  org.springframework.security.core.userdetails.User - User.withDefaultPasswordEncoder() is considered unsafe for production and is only intended for sample applications.
2023-11-23 14:21:04.428 [restartedMain] WARN  org.mybatis.spring.mapper.ClassPathMapperScanner - No MyBatis mapper was found in '[tech.twocats.admin]' package. Please check your configuration.
2023-11-23 14:21:04.987 [restartedMain] WARN  org.springframework.security.core.userdetails.User - User.withDefaultPasswordEncoder() is considered unsafe for production and is only intended for sample applications.
2023-11-23 14:21:05.387 [restartedMain] WARN  o.s.b.w.s.c.AnnotationConfigServletWebServerApplicationContext - Exception encountered during context initialization - cancelling refresh attempt: org.springframework.beans.factory.UnsatisfiedDependencyException: Error creating bean with name 'org.springframework.security.config.annotation.web.configuration.WebSecurityConfiguration': Unsatisfied dependency expressed through method 'setFilterChains' parameter 0; nested exception is org.springframework.beans.factory.UnsatisfiedDependencyException: Error creating bean with name 'normalFilterChain' defined in class path resource [tech/twocats/admin/config/SecurityConfig.class]: Unsatisfied dependency expressed through method 'normalFilterChain' parameter 1; nested exception is org.springframework.beans.factory.BeanCreationException: Error creating bean with name 'mvcHandlerMappingIntrospector' defined in class path resource [org/springframework/boot/autoconfigure/web/servlet/WebMvcAutoConfiguration$EnableWebMvcConfiguration.class]: Invocation of init method failed; nested exception is org.springframework.beans.factory.BeanCreationException: Error creating bean with name 'requestMappingHandlerMapping' defined in class path resource [org/springframework/boot/autoconfigure/web/servlet/WebMvcAutoConfiguration$EnableWebMvcConfiguration.class]: Invocation of init method failed; nested exception is java.lang.IllegalStateException: Invalid mapping on handler class [tech.twocats.admin.controller.BasicErrorController]: public org.springframework.web.servlet.ModelAndView tech.twocats.admin.controller.BasicErrorController.errorHtml(javax.servlet.http.HttpServletRequest,javax.servlet.http.HttpServletResponse)
2023-11-23 14:24:33.355 [restartedMain] WARN  org.mybatis.spring.mapper.ClassPathMapperScanner - No MyBatis mapper was found in '[tech.twocats.admin]' package. Please check your configuration.
2023-11-23 14:24:33.920 [restartedMain] WARN  org.springframework.security.core.userdetails.User - User.withDefaultPasswordEncoder() is considered unsafe for production and is only intended for sample applications.
2023-11-23 14:31:53.262 [restartedMain] WARN  org.mybatis.spring.mapper.ClassPathMapperScanner - No MyBatis mapper was found in '[tech.twocats.admin]' package. Please check your configuration.
2023-11-23 14:31:53.897 [restartedMain] WARN  org.springframework.security.core.userdetails.User - User.withDefaultPasswordEncoder() is considered unsafe for production and is only intended for sample applications.
2023-11-23 14:32:39.249 [restartedMain] WARN  org.mybatis.spring.mapper.ClassPathMapperScanner - No MyBatis mapper was found in '[tech.twocats.admin]' package. Please check your configuration.
2023-11-23 14:32:39.876 [restartedMain] WARN  org.springframework.security.core.userdetails.User - User.withDefaultPasswordEncoder() is considered unsafe for production and is only intended for sample applications.
2023-11-23 14:33:07.944 [restartedMain] WARN  org.mybatis.spring.mapper.ClassPathMapperScanner - No MyBatis mapper was found in '[tech.twocats.admin]' package. Please check your configuration.
2023-11-23 14:33:08.579 [restartedMain] WARN  org.springframework.security.core.userdetails.User - User.withDefaultPasswordEncoder() is considered unsafe for production and is only intended for sample applications.
2023-11-23 14:35:24.692 [restartedMain] WARN  org.mybatis.spring.mapper.ClassPathMapperScanner - No MyBatis mapper was found in '[tech.twocats.admin]' package. Please check your configuration.
2023-11-23 14:35:25.310 [restartedMain] WARN  org.springframework.security.core.userdetails.User - User.withDefaultPasswordEncoder() is considered unsafe for production and is only intended for sample applications.
2023-11-23 14:36:48.251 [restartedMain] WARN  org.mybatis.spring.mapper.ClassPathMapperScanner - No MyBatis mapper was found in '[tech.twocats.admin]' package. Please check your configuration.
2023-11-23 14:36:48.921 [restartedMain] WARN  org.springframework.security.core.userdetails.User - User.withDefaultPasswordEncoder() is considered unsafe for production and is only intended for sample applications.
2023-11-23 15:12:07.007 [restartedMain] WARN  org.mybatis.spring.mapper.ClassPathMapperScanner - No MyBatis mapper was found in '[tech.twocats.admin]' package. Please check your configuration.
2023-11-23 15:12:07.604 [restartedMain] WARN  org.springframework.security.core.userdetails.User - User.withDefaultPasswordEncoder() is considered unsafe for production and is only intended for sample applications.
2023-11-23 15:18:32.987 [restartedMain] WARN  org.mybatis.spring.mapper.ClassPathMapperScanner - No MyBatis mapper was found in '[tech.twocats.admin]' package. Please check your configuration.
2023-11-23 15:18:33.615 [restartedMain] WARN  org.springframework.security.core.userdetails.User - User.withDefaultPasswordEncoder() is considered unsafe for production and is only intended for sample applications.
2023-11-23 15:21:58.593 [restartedMain] WARN  org.mybatis.spring.mapper.ClassPathMapperScanner - No MyBatis mapper was found in '[tech.twocats.admin]' package. Please check your configuration.
2023-11-23 15:21:59.220 [restartedMain] WARN  org.springframework.security.core.userdetails.User - User.withDefaultPasswordEncoder() is considered unsafe for production and is only intended for sample applications.
2023-11-23 15:22:47.900 [restartedMain] WARN  org.mybatis.spring.mapper.ClassPathMapperScanner - No MyBatis mapper was found in '[tech.twocats.admin]' package. Please check your configuration.
2023-11-23 15:22:48.532 [restartedMain] WARN  org.springframework.security.core.userdetails.User - User.withDefaultPasswordEncoder() is considered unsafe for production and is only intended for sample applications.
2023-11-23 15:30:12.036 [restartedMain] WARN  org.mybatis.spring.mapper.ClassPathMapperScanner - No MyBatis mapper was found in '[tech.twocats.admin]' package. Please check your configuration.
2023-11-23 15:30:12.692 [restartedMain] WARN  org.springframework.security.core.userdetails.User - User.withDefaultPasswordEncoder() is considered unsafe for production and is only intended for sample applications.
2023-11-23 15:32:54.100 [restartedMain] WARN  org.mybatis.spring.mapper.ClassPathMapperScanner - No MyBatis mapper was found in '[tech.twocats.admin]' package. Please check your configuration.
2023-11-23 15:32:54.703 [restartedMain] WARN  org.springframework.security.core.userdetails.User - User.withDefaultPasswordEncoder() is considered unsafe for production and is only intended for sample applications.
2023-11-23 15:38:36.046 [restartedMain] WARN  org.mybatis.spring.mapper.ClassPathMapperScanner - No MyBatis mapper was found in '[tech.twocats.admin]' package. Please check your configuration.
2023-11-23 15:38:36.616 [restartedMain] WARN  org.springframework.security.core.userdetails.User - User.withDefaultPasswordEncoder() is considered unsafe for production and is only intended for sample applications.
2023-11-23 15:40:48.967 [restartedMain] WARN  org.mybatis.spring.mapper.ClassPathMapperScanner - No MyBatis mapper was found in '[tech.twocats.admin]' package. Please check your configuration.
2023-11-23 15:40:49.545 [restartedMain] WARN  org.springframework.security.core.userdetails.User - User.withDefaultPasswordEncoder() is considered unsafe for production and is only intended for sample applications.
2023-11-23 15:43:37.848 [restartedMain] WARN  org.mybatis.spring.mapper.ClassPathMapperScanner - No MyBatis mapper was found in '[tech.twocats.admin]' package. Please check your configuration.
2023-11-23 15:43:38.405 [restartedMain] WARN  org.springframework.security.core.userdetails.User - User.withDefaultPasswordEncoder() is considered unsafe for production and is only intended for sample applications.
2023-11-23 15:46:35.754 [restartedMain] WARN  org.mybatis.spring.mapper.ClassPathMapperScanner - No MyBatis mapper was found in '[tech.twocats.admin]' package. Please check your configuration.
2023-11-23 15:46:36.384 [restartedMain] WARN  org.springframework.security.core.userdetails.User - User.withDefaultPasswordEncoder() is considered unsafe for production and is only intended for sample applications.
2023-11-23 15:47:41.860 [restartedMain] WARN  org.mybatis.spring.mapper.ClassPathMapperScanner - No MyBatis mapper was found in '[tech.twocats.admin]' package. Please check your configuration.
2023-11-23 15:47:42.401 [restartedMain] WARN  org.springframework.security.core.userdetails.User - User.withDefaultPasswordEncoder() is considered unsafe for production and is only intended for sample applications.
2023-11-23 15:50:08.702 [restartedMain] WARN  org.mybatis.spring.mapper.ClassPathMapperScanner - No MyBatis mapper was found in '[tech.twocats.admin]' package. Please check your configuration.
2023-11-23 15:50:09.269 [restartedMain] WARN  org.springframework.security.core.userdetails.User - User.withDefaultPasswordEncoder() is considered unsafe for production and is only intended for sample applications.
2023-11-23 15:52:42.877 [restartedMain] WARN  org.mybatis.spring.mapper.ClassPathMapperScanner - No MyBatis mapper was found in '[tech.twocats.admin]' package. Please check your configuration.
2023-11-23 15:52:43.553 [restartedMain] WARN  org.springframework.security.core.userdetails.User - User.withDefaultPasswordEncoder() is considered unsafe for production and is only intended for sample applications.
2023-11-23 15:55:29.029 [restartedMain] WARN  org.mybatis.spring.mapper.ClassPathMapperScanner - No MyBatis mapper was found in '[tech.twocats.admin]' package. Please check your configuration.
2023-11-23 15:55:29.681 [restartedMain] WARN  org.springframework.security.core.userdetails.User - User.withDefaultPasswordEncoder() is considered unsafe for production and is only intended for sample applications.
2023-11-23 16:36:40.811 [restartedMain] WARN  org.mybatis.spring.mapper.ClassPathMapperScanner - No MyBatis mapper was found in '[tech.twocats.admin]' package. Please check your configuration.
2023-11-23 16:36:41.411 [restartedMain] WARN  org.springframework.security.core.userdetails.User - User.withDefaultPasswordEncoder() is considered unsafe for production and is only intended for sample applications.
2023-11-23 17:11:39.225 [restartedMain] WARN  org.mybatis.spring.mapper.ClassPathMapperScanner - No MyBatis mapper was found in '[tech.twocats.admin]' package. Please check your configuration.
2023-11-23 17:11:39.874 [restartedMain] WARN  org.springframework.security.core.userdetails.User - User.withDefaultPasswordEncoder() is considered unsafe for production and is only intended for sample applications.
2023-11-23 17:39:23.955 [restartedMain] WARN  org.mybatis.spring.mapper.ClassPathMapperScanner - No MyBatis mapper was found in '[tech.twocats.admin]' package. Please check your configuration.
2023-11-23 17:39:24.614 [restartedMain] WARN  org.springframework.security.core.userdetails.User - User.withDefaultPasswordEncoder() is considered unsafe for production and is only intended for sample applications.
2023-11-23 18:04:36.171 [restartedMain] WARN  org.mybatis.spring.mapper.ClassPathMapperScanner - No MyBatis mapper was found in '[tech.twocats.admin]' package. Please check your configuration.
2023-11-23 18:04:36.788 [restartedMain] WARN  org.springframework.security.core.userdetails.User - User.withDefaultPasswordEncoder() is considered unsafe for production and is only intended for sample applications.
2023-11-23 18:05:53.663 [restartedMain] WARN  org.mybatis.spring.mapper.ClassPathMapperScanner - No MyBatis mapper was found in '[tech.twocats.admin]' package. Please check your configuration.
2023-11-23 18:05:54.229 [restartedMain] WARN  org.springframework.security.core.userdetails.User - User.withDefaultPasswordEncoder() is considered unsafe for production and is only intended for sample applications.
2023-11-23 18:08:05.378 [restartedMain] WARN  org.mybatis.spring.mapper.ClassPathMapperScanner - No MyBatis mapper was found in '[tech.twocats.admin]' package. Please check your configuration.
2023-11-23 18:08:06.035 [restartedMain] WARN  org.springframework.security.core.userdetails.User - User.withDefaultPasswordEncoder() is considered unsafe for production and is only intended for sample applications.
2023-11-23 18:11:15.636 [restartedMain] WARN  org.mybatis.spring.mapper.ClassPathMapperScanner - No MyBatis mapper was found in '[tech.twocats.admin]' package. Please check your configuration.
2023-11-23 18:11:16.635 [restartedMain] WARN  org.springframework.security.core.userdetails.User - User.withDefaultPasswordEncoder() is considered unsafe for production and is only intended for sample applications.
2023-11-23 18:13:41.472 [restartedMain] WARN  org.mybatis.spring.mapper.ClassPathMapperScanner - No MyBatis mapper was found in '[tech.twocats.admin]' package. Please check your configuration.
2023-11-23 18:13:42.055 [restartedMain] WARN  org.springframework.security.core.userdetails.User - User.withDefaultPasswordEncoder() is considered unsafe for production and is only intended for sample applications.
2023-11-23 18:15:31.895 [restartedMain] WARN  org.mybatis.spring.mapper.ClassPathMapperScanner - No MyBatis mapper was found in '[tech.twocats.admin]' package. Please check your configuration.
2023-11-23 18:15:32.504 [restartedMain] WARN  org.springframework.security.core.userdetails.User - User.withDefaultPasswordEncoder() is considered unsafe for production and is only intended for sample applications.
2023-11-23 21:17:58.413 [restartedMain] WARN  org.mybatis.spring.mapper.ClassPathMapperScanner - No MyBatis mapper was found in '[tech.twocats.admin]' package. Please check your configuration.
2023-11-23 21:17:59.302 [restartedMain] WARN  org.springframework.security.core.userdetails.User - User.withDefaultPasswordEncoder() is considered unsafe for production and is only intended for sample applications.
2023-11-23 21:19:28.784 [restartedMain] WARN  org.mybatis.spring.mapper.ClassPathMapperScanner - No MyBatis mapper was found in '[tech.twocats.admin]' package. Please check your configuration.
2023-11-23 21:19:29.533 [restartedMain] WARN  org.springframework.security.core.userdetails.User - User.withDefaultPasswordEncoder() is considered unsafe for production and is only intended for sample applications.
2023-11-23 21:31:47.462 [restartedMain] WARN  org.mybatis.spring.mapper.ClassPathMapperScanner - No MyBatis mapper was found in '[tech.twocats.admin]' package. Please check your configuration.
2023-11-23 21:31:48.186 [restartedMain] WARN  org.springframework.security.core.userdetails.User - User.withDefaultPasswordEncoder() is considered unsafe for production and is only intended for sample applications.
2023-11-23 21:33:22.464 [restartedMain] WARN  org.mybatis.spring.mapper.ClassPathMapperScanner - No MyBatis mapper was found in '[tech.twocats.admin]' package. Please check your configuration.
2023-11-23 21:33:23.246 [restartedMain] WARN  org.springframework.security.core.userdetails.User - User.withDefaultPasswordEncoder() is considered unsafe for production and is only intended for sample applications.
2023-11-23 21:34:55.492 [restartedMain] WARN  org.mybatis.spring.mapper.ClassPathMapperScanner - No MyBatis mapper was found in '[tech.twocats.admin]' package. Please check your configuration.
2023-11-23 21:34:56.233 [restartedMain] WARN  org.springframework.security.core.userdetails.User - User.withDefaultPasswordEncoder() is considered unsafe for production and is only intended for sample applications.
2023-11-23 21:36:37.476 [restartedMain] WARN  org.mybatis.spring.mapper.ClassPathMapperScanner - No MyBatis mapper was found in '[tech.twocats.admin]' package. Please check your configuration.
2023-11-23 21:36:38.190 [restartedMain] WARN  org.springframework.security.core.userdetails.User - User.withDefaultPasswordEncoder() is considered unsafe for production and is only intended for sample applications.
2023-11-23 21:42:12.273 [restartedMain] WARN  org.mybatis.spring.mapper.ClassPathMapperScanner - No MyBatis mapper was found in '[tech.twocats.admin]' package. Please check your configuration.
2023-11-23 21:42:12.957 [restartedMain] WARN  org.springframework.security.core.userdetails.User - User.withDefaultPasswordEncoder() is considered unsafe for production and is only intended for sample applications.
2023-11-23 21:42:31.583 [restartedMain] WARN  org.mybatis.spring.mapper.ClassPathMapperScanner - No MyBatis mapper was found in '[tech.twocats.admin]' package. Please check your configuration.
2023-11-23 21:42:32.193 [restartedMain] WARN  org.springframework.security.core.userdetails.User - User.withDefaultPasswordEncoder() is considered unsafe for production and is only intended for sample applications.
2023-11-23 21:46:35.314 [restartedMain] WARN  org.mybatis.spring.mapper.ClassPathMapperScanner - No MyBatis mapper was found in '[tech.twocats.admin]' package. Please check your configuration.
2023-11-23 21:46:35.995 [restartedMain] WARN  org.springframework.security.core.userdetails.User - User.withDefaultPasswordEncoder() is considered unsafe for production and is only intended for sample applications.
2023-11-23 21:47:38.209 [restartedMain] WARN  org.mybatis.spring.mapper.ClassPathMapperScanner - No MyBatis mapper was found in '[tech.twocats.admin]' package. Please check your configuration.
2023-11-23 21:47:38.855 [restartedMain] WARN  org.springframework.security.core.userdetails.User - User.withDefaultPasswordEncoder() is considered unsafe for production and is only intended for sample applications.
2023-11-23 21:48:38.523 [restartedMain] WARN  org.mybatis.spring.mapper.ClassPathMapperScanner - No MyBatis mapper was found in '[tech.twocats.admin]' package. Please check your configuration.
2023-11-23 21:48:39.286 [restartedMain] WARN  org.springframework.security.core.userdetails.User - User.withDefaultPasswordEncoder() is considered unsafe for production and is only intended for sample applications.
2023-11-23 21:49:24.750 [restartedMain] WARN  org.mybatis.spring.mapper.ClassPathMapperScanner - No MyBatis mapper was found in '[tech.twocats.admin]' package. Please check your configuration.
2023-11-23 21:49:25.404 [restartedMain] WARN  org.springframework.security.core.userdetails.User - User.withDefaultPasswordEncoder() is considered unsafe for production and is only intended for sample applications.
